Using pre-set license
Built from '2021.3/staging' branch; Version is '2021.3.4f1 (cb45f9cae8b7) revision 13321721'; Using compiler version '192829333'; Build Type 'Release'
OS: 'Windows 10  (10.0.19045) 64bit Professional' Language: 'ja' Physical Memory: 16204 MB
BatchMode: 1, IsHumanControllingUs: 0, StartBugReporterOnCrash: 0, Is64bit: 1, IsPro: 1

COMMAND LINE ARGUMENTS:
C:\Program Files\Unity\Hub\Editor\2021.3.4f1\Editor\Unity.exe
-adb2
-batchMode
-noUpm
-name
AssetImportWorker0
-projectPath
C:/Users/s212058/Documents/GitHub/one-stroke-3d/一筆書き
-logFile
Logs/AssetImportWorker0.log
-srvPort
49965
Successfully changed project path to: C:/Users/s212058/Documents/GitHub/one-stroke-3d/一筆書き
C:/Users/s212058/Documents/GitHub/one-stroke-3d/一筆書き
[UnityMemory] Configuration Parameters - Can be set up in boot.config
    "memorysetup-bucket-allocator-granularity=16"
    "memorysetup-bucket-allocator-bucket-count=8"
    "memorysetup-bucket-allocator-block-size=33554432"
    "memorysetup-bucket-allocator-block-count=8"
    "memorysetup-main-allocator-block-size=16777216"
    "memorysetup-thread-allocator-block-size=16777216"
    "memorysetup-gfx-main-allocator-block-size=16777216"
    "memorysetup-gfx-thread-allocator-block-size=16777216"
    "memorysetup-cache-allocator-block-size=4194304"
    "memorysetup-typetree-allocator-block-size=2097152"
    "memorysetup-profiler-bucket-allocator-granularity=16"
    "memorysetup-profiler-bucket-allocator-bucket-count=8"
    "memorysetup-profiler-bucket-allocator-block-size=33554432"
    "memorysetup-profiler-bucket-allocator-block-count=8"
    "memorysetup-profiler-allocator-block-size=16777216"
    "memorysetup-profiler-editor-allocator-block-size=1048576"
    "memorysetup-temp-allocator-size-main=16777216"
    "memorysetup-job-temp-allocator-block-size=2097152"
    "memorysetup-job-temp-allocator-block-size-background=1048576"
    "memorysetup-job-temp-allocator-reduction-small-platforms=262144"
    "memorysetup-temp-allocator-size-background-worker=32768"
    "memorysetup-temp-allocator-size-job-worker=262144"
    "memorysetup-temp-allocator-size-preload-manager=33554432"
    "memorysetup-temp-allocator-size-nav-mesh-worker=65536"
    "memorysetup-temp-allocator-size-audio-worker=65536"
    "memorysetup-temp-allocator-size-cloud-worker=32768"
    "memorysetup-temp-allocator-size-gi-baking-worker=262144"
    "memorysetup-temp-allocator-size-gfx=262144"
Refreshing native plugins compatible for Editor in 45.47 ms, found 0 plugins.
Preloading 0 native plugins for Editor in 0.00 ms.
Initialize engine version: 2021.3.4f1 (cb45f9cae8b7)
[Subsystems] Discovering subsystems at path C:/Program Files/Unity/Hub/Editor/2021.3.4f1/Editor/Data/Resources/UnitySubsystems
[Subsystems] Discovering subsystems at path C:/Users/s212058/Documents/GitHub/one-stroke-3d/一筆書き/Assets
GfxDevice: creating device client; threaded=0; jobified=0
Direct3D:
    Version:  Direct3D 11.0 [level 11.1]
    Renderer: NVIDIA GeForce GTX 1660 Ti (ID=0x2191)
    Vendor:   NVIDIA
    VRAM:     5991 MB
    Driver:   30.0.14.9676
Initialize mono
Mono path[0] = 'C:/Program Files/Unity/Hub/Editor/2021.3.4f1/Editor/Data/Managed'
Mono path[1] = 'C:/Program Files/Unity/Hub/Editor/2021.3.4f1/Editor/Data/MonoBleedingEdge/lib/mono/unityjit-win32'
Mono config path = 'C:/Program Files/Unity/Hub/Editor/2021.3.4f1/Editor/Data/MonoBleedingEdge/etc'
Using monoOptions --debugger-agent=transport=dt_socket,embedding=1,server=y,suspend=n,address=127.0.0.1:56260
Begin MonoManager ReloadAssembly
Registering precompiled unity dll's ...
Register platform support module: C:/Program Files/Unity/Hub/Editor/2021.3.4f1/Editor/Data/PlaybackEngines/WebGLSupport/UnityEditor.WebGL.Extensions.dll
Register platform support module: C:/Program Files/Unity/Hub/Editor/2021.3.4f1/Editor/Data/PlaybackEngines/iOSSupport/UnityEditor.iOS.Extensions.dll
Register platform support module: C:/Program Files/Unity/Hub/Editor/2021.3.4f1/Editor/Data/PlaybackEngines/WindowsStandaloneSupport/UnityEditor.WindowsStandalone.Extensions.dll
Registered in 0.015086 seconds.
Native extension for WindowsStandalone target not found
[usbmuxd] Start listen thread
[usbmuxd] Listen thread started
Native extension for iOS target not found
Native extension for WebGL target not found
Refreshing native plugins compatible for Editor in 47.58 ms, found 0 plugins.
Preloading 0 native plugins for Editor in 0.00 ms.
Mono: successfully reloaded assembly
- Completed reload, in  0.797 seconds
Domain Reload Profiling:
	ReloadAssembly (798ms)
		BeginReloadAssembly (177ms)
			ExecutionOrderSort (0ms)
			DisableScriptedObjects (0ms)
			BackupInstance (0ms)
			ReleaseScriptingObjects (0ms)
			CreateAndSetChildDomain (1ms)
		EndReloadAssembly (474ms)
			LoadAssemblies (174ms)
			RebuildTransferFunctionScriptingTraits (0ms)
			SetupTypeCache (127ms)
			ReleaseScriptCaches (0ms)
			RebuildScriptCaches (28ms)
			SetupLoadedEditorAssemblies (252ms)
				LogAssemblyErrors (0ms)
				InitializePlatformSupportModulesInManaged (31ms)
				SetLoadedEditorAssemblies (0ms)
				RefreshPlugins (48ms)
				BeforeProcessingInitializeOnLoad (1ms)
				ProcessInitializeOnLoadAttributes (127ms)
				ProcessInitializeOnLoadMethodAttributes (45ms)
				AfterProcessingInitializeOnLoad (0ms)
				EditorAssembliesLoaded (0ms)
			ExecutionOrderSort2 (0ms)
			AwakeInstancesAfterBackupRestoration (0ms)
Platform modules already initialized, skipping
Registering precompiled user dll's ...
Registered in 0.011197 seconds.
Begin MonoManager ReloadAssembly
Native extension for WindowsStandalone target not found
Native extension for iOS target not found
Native extension for WebGL target not found
Refreshing native plugins compatible for Editor in 46.14 ms, found 0 plugins.
Preloading 0 native plugins for Editor in 0.00 ms.
Package Manager log level set to [2]
Mono: successfully reloaded assembly
- Completed reload, in  1.325 seconds
Domain Reload Profiling:
	ReloadAssembly (1326ms)
		BeginReloadAssembly (217ms)
			ExecutionOrderSort (0ms)
			DisableScriptedObjects (6ms)
			BackupInstance (0ms)
			ReleaseScriptingObjects (0ms)
			CreateAndSetChildDomain (20ms)
		EndReloadAssembly (957ms)
			LoadAssemblies (249ms)
			RebuildTransferFunctionScriptingTraits (0ms)
			SetupTypeCache (197ms)
			ReleaseScriptCaches (0ms)
			RebuildScriptCaches (62ms)
			SetupLoadedEditorAssemblies (477ms)
				LogAssemblyErrors (0ms)
				InitializePlatformSupportModulesInManaged (27ms)
				SetLoadedEditorAssemblies (0ms)
				RefreshPlugins (46ms)
				BeforeProcessingInitializeOnLoad (118ms)
				ProcessInitializeOnLoadAttributes (241ms)
				ProcessInitializeOnLoadMethodAttributes (24ms)
				AfterProcessingInitializeOnLoad (20ms)
				EditorAssembliesLoaded (0ms)
			ExecutionOrderSort2 (0ms)
			AwakeInstancesAfterBackupRestoration (6ms)
Platform modules already initialized, skipping
========================================================================
Worker process is ready to serve import requests
Launched and connected shader compiler UnityShaderCompiler.exe after 0.06 seconds
Refreshing native plugins compatible for Editor in 0.42 ms, found 0 plugins.
Preloading 0 native plugins for Editor in 0.00 ms.
Unloading 2207 Unused Serialized files (Serialized files now loaded: 0)
Unloading 158 unused Assets / (1.3 MB). Loaded Objects now: 2673.
Memory consumption went from 185.5 MB to 184.2 MB.
Total: 2.856300 ms (FindLiveObjects: 0.207200 ms CreateObjectMapping: 0.147600 ms MarkObjects: 2.162600 ms  DeleteObjects: 0.338100 ms)

AssetImportParameters requested are different than current active one (requested -> active):
  custom:video-decoder-ogg-theora: a1e56fd34408186e4bbccfd4996cb3dc -> 
  custom:container-muxer-webm: aa71ff27fc2769a1b78a27578f13a17b -> 
  custom:container-demuxer-webm: 4f35f7cbe854078d1ac9338744f61a02 -> 
  custom:video-encoder-webm-vp8: eb34c28f22e8b96e1ab97ce403110664 -> 
  custom:audio-encoder-webm-vorbis: bf7c407c2cedff20999df2af8eb42d56 -> 
  custom:framework-win-MediaFoundation: 216162199b28c13a410421893ffa2e32 -> 
  custom:container-demuxer-ogg: 62fdf1f143b41e24485cea50d1cbac27 -> 
  custom:video-decoder-webm-vp8: 9c59270c3fd7afecdb556c50c9e8de78 -> 
  custom:audio-decoder-ogg-vorbis: bf7c407c2cedff20999df2af8eb42d56 -> 
========================================================================
Received Import Request.
  Time since last request: 2437356.055018 seconds.
  path: Assets/ClusterCreatorKitTemplate/Playground/Models/FloorTile.fbx
  artifactKey: Guid(22fafe74daa539242abff686a0f57e6b) Importer(815301076,1909f56bfc062723c751e8b465ee728b)
Start importing Assets/ClusterCreatorKitTemplate/Playground/Models/FloorTile.fbx using Guid(22fafe74daa539242abff686a0f57e6b) Importer(815301076,1909f56bfc062723c751e8b465ee728b)  -> (artifact id: '7ea33bee35ab823884c918b698d9f1a0') in 0.177846 seconds 
========================================================================
Received Import Request.
  Time since last request: 222.819478 seconds.
  path: Assets/ClusterCreatorKitTemplate/Playground/Textures/BallTex.png
  artifactKey: Guid(34c4e1d32786e664ab1d68d2885cd588) Importer(815301076,1909f56bfc062723c751e8b465ee728b)
Start importing Assets/ClusterCreatorKitTemplate/Playground/Textures/BallTex.png using Guid(34c4e1d32786e664ab1d68d2885cd588) Importer(815301076,1909f56bfc062723c751e8b465ee728b)  -> (artifact id: '09ad70abde40fe823ab252622183e1d8') in 0.048197 seconds 
========================================================================
Received Import Request.
  Time since last request: 0.000018 seconds.
  path: Assets/ClusterCreatorKitTemplate/Playground/Textures/CelestialSphere.png
  artifactKey: Guid(149890751531ea842bc9f52342a46e33) Importer(815301076,1909f56bfc062723c751e8b465ee728b)
Start importing Assets/ClusterCreatorKitTemplate/Playground/Textures/CelestialSphere.png using Guid(149890751531ea842bc9f52342a46e33) Importer(815301076,1909f56bfc062723c751e8b465ee728b)  -> (artifact id: '66544a0b805aeea60783c39a23a582a5') in 0.018696 seconds 
========================================================================
Received Import Request.
  Time since last request: 0.000022 seconds.
  path: Assets/ClusterCreatorKitTemplate/Playground/Textures/SoundTileTex.png
  artifactKey: Guid(b6ace0279921dc4458e98d0e6735d5a5) Importer(815301076,1909f56bfc062723c751e8b465ee728b)
Start importing Assets/ClusterCreatorKitTemplate/Playground/Textures/SoundTileTex.png using Guid(b6ace0279921dc4458e98d0e6735d5a5) Importer(815301076,1909f56bfc062723c751e8b465ee728b)  -> (artifact id: 'af49adea0d733aaa3bee88864bdbdfd4') in 0.020296 seconds 
========================================================================
Received Import Request.
  Time since last request: 0.000022 seconds.
  path: Assets/ClusterCreatorKitTemplate/Playground/Textures/JumpSpringTex.png
  artifactKey: Guid(20bb5c0698a8785488ce314a28cb19e2) Importer(815301076,1909f56bfc062723c751e8b465ee728b)
Start importing Assets/ClusterCreatorKitTemplate/Playground/Textures/JumpSpringTex.png using Guid(20bb5c0698a8785488ce314a28cb19e2) Importer(815301076,1909f56bfc062723c751e8b465ee728b)  -> (artifact id: '9fa3d9ccf76070fceb35913d996283e5') in 0.020532 seconds 
========================================================================
Received Import Request.
  Time since last request: 0.000018 seconds.
  path: Assets/ClusterCreatorKitTemplate/Playground/Textures/EnabledSwitchTileTex.png
  artifactKey: Guid(903755e85f25ca2408a8e180b50d4f28) Importer(815301076,1909f56bfc062723c751e8b465ee728b)
Start importing Assets/ClusterCreatorKitTemplate/Playground/Textures/EnabledSwitchTileTex.png using Guid(903755e85f25ca2408a8e180b50d4f28) Importer(815301076,1909f56bfc062723c751e8b465ee728b)  -> (artifact id: '3731da500050939bb9a4eb2089810066') in 0.017438 seconds 
========================================================================
Received Import Request.
  Time since last request: 0.000016 seconds.
  path: Assets/ClusterCreatorKitTemplate/Playground/Textures/RingTex.png
  artifactKey: Guid(4b9fbc73070c1d347a803a62d842d6c8) Importer(815301076,1909f56bfc062723c751e8b465ee728b)
Start importing Assets/ClusterCreatorKitTemplate/Playground/Textures/RingTex.png using Guid(4b9fbc73070c1d347a803a62d842d6c8) Importer(815301076,1909f56bfc062723c751e8b465ee728b)  -> (artifact id: '80334ac5adeb2c12d2c8a89e4f5b9a88') in 0.018363 seconds 
========================================================================
Received Import Request.
  Time since last request: 0.000015 seconds.
  path: Assets/ClusterCreatorKitTemplate/Playground/Textures/ThinTileTex.png
  artifactKey: Guid(0a0f872e374298543b77fe58d7e52e1e) Importer(815301076,1909f56bfc062723c751e8b465ee728b)
Start importing Assets/ClusterCreatorKitTemplate/Playground/Textures/ThinTileTex.png using Guid(0a0f872e374298543b77fe58d7e52e1e) Importer(815301076,1909f56bfc062723c751e8b465ee728b)  -> (artifact id: '125920bc00b2fb56d0016281b052d6c7') in 0.019991 seconds 
========================================================================
Received Import Request.
  Time since last request: 0.000018 seconds.
  path: Assets/ClusterCreatorKitTemplate/Playground/Textures/SwitchTileTex.png
  artifactKey: Guid(2328afa0851ba89479fe9514bb767632) Importer(815301076,1909f56bfc062723c751e8b465ee728b)
Start importing Assets/ClusterCreatorKitTemplate/Playground/Textures/SwitchTileTex.png using Guid(2328afa0851ba89479fe9514bb767632) Importer(815301076,1909f56bfc062723c751e8b465ee728b)  -> (artifact id: '96255d0916fc31f01498cb45aedb2a52') in 0.018567 seconds 
========================================================================
Received Import Request.
  Time since last request: 0.000014 seconds.
  path: Assets/ClusterCreatorKitTemplate/Playground/Textures/LeberTex.png
  artifactKey: Guid(625727e12db288d49ac921655ae217cd) Importer(815301076,1909f56bfc062723c751e8b465ee728b)
Start importing Assets/ClusterCreatorKitTemplate/Playground/Textures/LeberTex.png using Guid(625727e12db288d49ac921655ae217cd) Importer(815301076,1909f56bfc062723c751e8b465ee728b)  -> (artifact id: 'bc290027a195299ad16dbff9ee0fe0d6') in 0.018648 seconds 
========================================================================
Received Import Request.
  Time since last request: 0.000017 seconds.
  path: Assets/ClusterCreatorKitTemplate/Playground/Textures/ButtonTex.png
  artifactKey: Guid(9b21a6770c981814fb10ad0d59d8fad2) Importer(815301076,1909f56bfc062723c751e8b465ee728b)
Start importing Assets/ClusterCreatorKitTemplate/Playground/Textures/ButtonTex.png using Guid(9b21a6770c981814fb10ad0d59d8fad2) Importer(815301076,1909f56bfc062723c751e8b465ee728b)  -> (artifact id: 'ac7273131da4f5e1f4585419b8723b92') in 0.023968 seconds 
========================================================================
Received Import Request.
  Time since last request: 0.000022 seconds.
  path: Assets/ClusterCreatorKitTemplate/Playground/Textures/ChargeJumpSpringTex.png
  artifactKey: Guid(e284a7e9c4f08c04f89cd29410176f30) Importer(815301076,1909f56bfc062723c751e8b465ee728b)
Start importing Assets/ClusterCreatorKitTemplate/Playground/Textures/ChargeJumpSpringTex.png using Guid(e284a7e9c4f08c04f89cd29410176f30) Importer(815301076,1909f56bfc062723c751e8b465ee728b)  -> (artifact id: 'db8d2c291a2858e8c85176b0f0870384') in 0.018720 seconds 
========================================================================
Received Import Request.
  Time since last request: 0.000019 seconds.
  path: Assets/ClusterCreatorKitTemplate/Playground/Textures/DisabledSwitchTileTex.png
  artifactKey: Guid(19a717cd0ee05ac4f8cd409608127e59) Importer(815301076,1909f56bfc062723c751e8b465ee728b)
Start importing Assets/ClusterCreatorKitTemplate/Playground/Textures/DisabledSwitchTileTex.png using Guid(19a717cd0ee05ac4f8cd409608127e59) Importer(815301076,1909f56bfc062723c751e8b465ee728b)  -> (artifact id: '808607ebaa033c16a120ef1379075136') in 0.018911 seconds 
========================================================================
Received Import Request.
  Time since last request: 0.000017 seconds.
  path: Assets/ClusterCreatorKitTemplate/Playground/Textures/PropellerTileTex.png
  artifactKey: Guid(01d4d2d10cecd57468746e2286505266) Importer(815301076,1909f56bfc062723c751e8b465ee728b)
Start importing Assets/ClusterCreatorKitTemplate/Playground/Textures/PropellerTileTex.png using Guid(01d4d2d10cecd57468746e2286505266) Importer(815301076,1909f56bfc062723c751e8b465ee728b)  -> (artifact id: '31d63bad6738f1b76bf80d37acd5c8a0') in 0.018620 seconds 
========================================================================
Received Import Request.
  Time since last request: 0.000019 seconds.
  path: Assets/ClusterCreatorKitTemplate/Playground/Textures/WarpGunTex.png
  artifactKey: Guid(e37de48da65e74b44b5808fe6e3d9df4) Importer(815301076,1909f56bfc062723c751e8b465ee728b)
Start importing Assets/ClusterCreatorKitTemplate/Playground/Textures/WarpGunTex.png using Guid(e37de48da65e74b44b5808fe6e3d9df4) Importer(815301076,1909f56bfc062723c751e8b465ee728b)  -> (artifact id: 'be555e791f108571372eb7f785c358b8') in 0.020068 seconds 
========================================================================
Received Import Request.
  Time since last request: 0.000028 seconds.
  path: Assets/ClusterCreatorKitTemplate/Playground/Textures/CoinTex.png
  artifactKey: Guid(f42b58797fb6e904a9eaa7911ddd9fe3) Importer(815301076,1909f56bfc062723c751e8b465ee728b)
Start importing Assets/ClusterCreatorKitTemplate/Playground/Textures/CoinTex.png using Guid(f42b58797fb6e904a9eaa7911ddd9fe3) Importer(815301076,1909f56bfc062723c751e8b465ee728b)  -> (artifact id: 'd680921827733ad0b2b5c4f925246239') in 0.018790 seconds 
Editor requested this worker to shutdown with reason: Scaling down because of idle timeout
AssetImportWorker is now disconnected from the server
Process exiting
Exiting without the bug reporter. Application will terminate with return code 0