Using pre-set license
Built from '2021.3/staging' branch; Version is '2021.3.4f1 (cb45f9cae8b7) revision 13321721'; Using compiler version '192829333'; Build Type 'Release'
OS: 'Windows 10  (10.0.19045) 64bit Professional' Language: 'ja' Physical Memory: 16204 MB
BatchMode: 1, IsHumanControllingUs: 0, StartBugReporterOnCrash: 0, Is64bit: 1, IsPro: 1

COMMAND LINE ARGUMENTS:
C:\Program Files\Unity\Hub\Editor\2021.3.4f1\Editor\Unity.exe
-adb2
-batchMode
-noUpm
-name
AssetImportWorker2
-projectPath
C:/Users/s212058/Documents/GitHub/one-stroke-3d/一筆書き
-logFile
Logs/AssetImportWorker2.log
-srvPort
49965
Successfully changed project path to: C:/Users/s212058/Documents/GitHub/one-stroke-3d/一筆書き
C:/Users/s212058/Documents/GitHub/one-stroke-3d/一筆書き
[UnityMemory] Configuration Parameters - Can be set up in boot.config
    "memorysetup-bucket-allocator-granularity=16"
    "memorysetup-bucket-allocator-bucket-count=8"
    "memorysetup-bucket-allocator-block-size=33554432"
    "memorysetup-bucket-allocator-block-count=8"
    "memorysetup-main-allocator-block-size=16777216"
    "memorysetup-thread-allocator-block-size=16777216"
    "memorysetup-gfx-main-allocator-block-size=16777216"
    "memorysetup-gfx-thread-allocator-block-size=16777216"
    "memorysetup-cache-allocator-block-size=4194304"
    "memorysetup-typetree-allocator-block-size=2097152"
    "memorysetup-profiler-bucket-allocator-granularity=16"
    "memorysetup-profiler-bucket-allocator-bucket-count=8"
    "memorysetup-profiler-bucket-allocator-block-size=33554432"
    "memorysetup-profiler-bucket-allocator-block-count=8"
    "memorysetup-profiler-allocator-block-size=16777216"
    "memorysetup-profiler-editor-allocator-block-size=1048576"
    "memorysetup-temp-allocator-size-main=16777216"
    "memorysetup-job-temp-allocator-block-size=2097152"
    "memorysetup-job-temp-allocator-block-size-background=1048576"
    "memorysetup-job-temp-allocator-reduction-small-platforms=262144"
    "memorysetup-temp-allocator-size-background-worker=32768"
    "memorysetup-temp-allocator-size-job-worker=262144"
    "memorysetup-temp-allocator-size-preload-manager=33554432"
    "memorysetup-temp-allocator-size-nav-mesh-worker=65536"
    "memorysetup-temp-allocator-size-audio-worker=65536"
    "memorysetup-temp-allocator-size-cloud-worker=32768"
    "memorysetup-temp-allocator-size-gi-baking-worker=262144"
    "memorysetup-temp-allocator-size-gfx=262144"
Refreshing native plugins compatible for Editor in 47.38 ms, found 0 plugins.
Preloading 0 native plugins for Editor in 0.00 ms.
Initialize engine version: 2021.3.4f1 (cb45f9cae8b7)
[Subsystems] Discovering subsystems at path C:/Program Files/Unity/Hub/Editor/2021.3.4f1/Editor/Data/Resources/UnitySubsystems
[Subsystems] Discovering subsystems at path C:/Users/s212058/Documents/GitHub/one-stroke-3d/一筆書き/Assets
GfxDevice: creating device client; threaded=0; jobified=0
Direct3D:
    Version:  Direct3D 11.0 [level 11.1]
    Renderer: NVIDIA GeForce GTX 1660 Ti (ID=0x2191)
    Vendor:   NVIDIA
    VRAM:     5991 MB
    Driver:   30.0.14.9676
Initialize mono
Mono path[0] = 'C:/Program Files/Unity/Hub/Editor/2021.3.4f1/Editor/Data/Managed'
Mono path[1] = 'C:/Program Files/Unity/Hub/Editor/2021.3.4f1/Editor/Data/MonoBleedingEdge/lib/mono/unityjit-win32'
Mono config path = 'C:/Program Files/Unity/Hub/Editor/2021.3.4f1/Editor/Data/MonoBleedingEdge/etc'
Using monoOptions --debugger-agent=transport=dt_socket,embedding=1,server=y,suspend=n,address=127.0.0.1:56052
Begin MonoManager ReloadAssembly
Registering precompiled unity dll's ...
Register platform support module: C:/Program Files/Unity/Hub/Editor/2021.3.4f1/Editor/Data/PlaybackEngines/WebGLSupport/UnityEditor.WebGL.Extensions.dll
Register platform support module: C:/Program Files/Unity/Hub/Editor/2021.3.4f1/Editor/Data/PlaybackEngines/iOSSupport/UnityEditor.iOS.Extensions.dll
Register platform support module: C:/Program Files/Unity/Hub/Editor/2021.3.4f1/Editor/Data/PlaybackEngines/WindowsStandaloneSupport/UnityEditor.WindowsStandalone.Extensions.dll
Registered in 0.014009 seconds.
Native extension for WindowsStandalone target not found
[usbmuxd] Start listen thread
[usbmuxd] Listen thread started
Native extension for iOS target not found
Native extension for WebGL target not found
Refreshing native plugins compatible for Editor in 40.34 ms, found 0 plugins.
Preloading 0 native plugins for Editor in 0.00 ms.
Mono: successfully reloaded assembly
- Completed reload, in  0.775 seconds
Domain Reload Profiling:
	ReloadAssembly (776ms)
		BeginReloadAssembly (187ms)
			ExecutionOrderSort (0ms)
			DisableScriptedObjects (0ms)
			BackupInstance (0ms)
			ReleaseScriptingObjects (0ms)
			CreateAndSetChildDomain (1ms)
		EndReloadAssembly (442ms)
			LoadAssemblies (183ms)
			RebuildTransferFunctionScriptingTraits (0ms)
			SetupTypeCache (118ms)
			ReleaseScriptCaches (0ms)
			RebuildScriptCaches (29ms)
			SetupLoadedEditorAssemblies (231ms)
				LogAssemblyErrors (0ms)
				InitializePlatformSupportModulesInManaged (31ms)
				SetLoadedEditorAssemblies (0ms)
				RefreshPlugins (40ms)
				BeforeProcessingInitializeOnLoad (1ms)
				ProcessInitializeOnLoadAttributes (112ms)
				ProcessInitializeOnLoadMethodAttributes (45ms)
				AfterProcessingInitializeOnLoad (0ms)
				EditorAssembliesLoaded (0ms)
			ExecutionOrderSort2 (0ms)
			AwakeInstancesAfterBackupRestoration (0ms)
Platform modules already initialized, skipping
Registering precompiled user dll's ...
Registered in 0.010767 seconds.
Begin MonoManager ReloadAssembly
Native extension for WindowsStandalone target not found
Native extension for iOS target not found
Native extension for WebGL target not found
Refreshing native plugins compatible for Editor in 42.67 ms, found 0 plugins.
Preloading 0 native plugins for Editor in 0.00 ms.
Package Manager log level set to [2]
Mono: successfully reloaded assembly
- Completed reload, in  1.292 seconds
Domain Reload Profiling:
	ReloadAssembly (1292ms)
		BeginReloadAssembly (210ms)
			ExecutionOrderSort (0ms)
			DisableScriptedObjects (5ms)
			BackupInstance (0ms)
			ReleaseScriptingObjects (0ms)
			CreateAndSetChildDomain (19ms)
		EndReloadAssembly (939ms)
			LoadAssemblies (241ms)
			RebuildTransferFunctionScriptingTraits (0ms)
			SetupTypeCache (185ms)
			ReleaseScriptCaches (0ms)
			RebuildScriptCaches (51ms)
			SetupLoadedEditorAssemblies (499ms)
				LogAssemblyErrors (0ms)
				InitializePlatformSupportModulesInManaged (23ms)
				SetLoadedEditorAssemblies (0ms)
				RefreshPlugins (43ms)
				BeforeProcessingInitializeOnLoad (114ms)
				ProcessInitializeOnLoadAttributes (272ms)
				ProcessInitializeOnLoadMethodAttributes (27ms)
				AfterProcessingInitializeOnLoad (20ms)
				EditorAssembliesLoaded (0ms)
			ExecutionOrderSort2 (0ms)
			AwakeInstancesAfterBackupRestoration (5ms)
Platform modules already initialized, skipping
========================================================================
Worker process is ready to serve import requests
Launched and connected shader compiler UnityShaderCompiler.exe after 0.07 seconds
Refreshing native plugins compatible for Editor in 0.42 ms, found 0 plugins.
Preloading 0 native plugins for Editor in 0.00 ms.
Unloading 2207 Unused Serialized files (Serialized files now loaded: 0)
Unloading 158 unused Assets / (1.3 MB). Loaded Objects now: 2673.
Memory consumption went from 185.5 MB to 184.2 MB.
Total: 3.098000 ms (FindLiveObjects: 0.214500 ms CreateObjectMapping: 0.138700 ms MarkObjects: 2.401000 ms  DeleteObjects: 0.342800 ms)

AssetImportParameters requested are different than current active one (requested -> active):
  custom:video-decoder-ogg-theora: a1e56fd34408186e4bbccfd4996cb3dc -> 
  custom:container-muxer-webm: aa71ff27fc2769a1b78a27578f13a17b -> 
  custom:container-demuxer-webm: 4f35f7cbe854078d1ac9338744f61a02 -> 
  custom:video-encoder-webm-vp8: eb34c28f22e8b96e1ab97ce403110664 -> 
  custom:audio-encoder-webm-vorbis: bf7c407c2cedff20999df2af8eb42d56 -> 
  custom:framework-win-MediaFoundation: 216162199b28c13a410421893ffa2e32 -> 
  custom:container-demuxer-ogg: 62fdf1f143b41e24485cea50d1cbac27 -> 
  custom:video-decoder-webm-vp8: 9c59270c3fd7afecdb556c50c9e8de78 -> 
  custom:audio-decoder-ogg-vorbis: bf7c407c2cedff20999df2af8eb42d56 -> 
========================================================================
Received Import Request.
  Time since last request: 2438292.383913 seconds.
  path: Assets/ClusterCreatorKitTemplate/Playground/Prefabs/StaticObjects/Tile2x2.prefab
  artifactKey: Guid(a6e393336df0d1e42acaeccc97956f67) Importer(815301076,1909f56bfc062723c751e8b465ee728b)
Start importing Assets/ClusterCreatorKitTemplate/Playground/Prefabs/StaticObjects/Tile2x2.prefab using Guid(a6e393336df0d1e42acaeccc97956f67) Importer(815301076,1909f56bfc062723c751e8b465ee728b)  -> (artifact id: 'd35099499b2e97c03457226250118a01') in 0.133554 seconds 
========================================================================
Received Import Request.
  Time since last request: 0.285091 seconds.
  path: Assets/ClusterCreatorKitTemplate/Playground/Prefabs/Patterns/BarBridge.prefab
  artifactKey: Guid(d5804e03c79ae0d49b488cef25cc4303) Importer(815301076,1909f56bfc062723c751e8b465ee728b)
Start importing Assets/ClusterCreatorKitTemplate/Playground/Prefabs/Patterns/BarBridge.prefab using Guid(d5804e03c79ae0d49b488cef25cc4303) Importer(815301076,1909f56bfc062723c751e8b465ee728b)  -> (artifact id: '74ddab81e36daef57d4f69dbb4d12483') in 0.041748 seconds 
========================================================================
Received Import Request.
  Time since last request: 0.000020 seconds.
  path: Assets/ClusterCreatorKitTemplate/Playground/Prefabs/Patterns/ChargeJumpWall.prefab
  artifactKey: Guid(8c36ce1a5bb92af409dd370288603382) Importer(815301076,1909f56bfc062723c751e8b465ee728b)
Start importing Assets/ClusterCreatorKitTemplate/Playground/Prefabs/Patterns/ChargeJumpWall.prefab using Guid(8c36ce1a5bb92af409dd370288603382) Importer(815301076,1909f56bfc062723c751e8b465ee728b)  -> (artifact id: '77a4ee9113150dd4339653258ccf0d8c') in 0.095552 seconds 
========================================================================
Received Import Request.
  Time since last request: 0.000019 seconds.
  path: Assets/ClusterCreatorKitTemplate/Playground/Prefabs/Patterns/CubeUp.prefab
  artifactKey: Guid(4ece9ee4ad3b5df4685fc1ac768f7266) Importer(815301076,1909f56bfc062723c751e8b465ee728b)
Start importing Assets/ClusterCreatorKitTemplate/Playground/Prefabs/Patterns/CubeUp.prefab using Guid(4ece9ee4ad3b5df4685fc1ac768f7266) Importer(815301076,1909f56bfc062723c751e8b465ee728b)  -> (artifact id: '0bcc33594b91822df4ab48784bc74fcb') in 0.033646 seconds 
========================================================================
Received Import Request.
  Time since last request: 0.000028 seconds.
  path: Assets/ClusterCreatorKitTemplate/Playground/Prefabs/Patterns/Trampolines.prefab
  artifactKey: Guid(f3a23deb7a5446648a768ec3307a6ebb) Importer(815301076,1909f56bfc062723c751e8b465ee728b)
Start importing Assets/ClusterCreatorKitTemplate/Playground/Prefabs/Patterns/Trampolines.prefab using Guid(f3a23deb7a5446648a768ec3307a6ebb) Importer(815301076,1909f56bfc062723c751e8b465ee728b)  -> (artifact id: '515bac74f0578d5f99ec72cd2cc90315') in 0.075874 seconds 
========================================================================
Received Import Request.
  Time since last request: 0.000024 seconds.
  path: Assets/ClusterCreatorKitTemplate/Playground/Prefabs/Patterns/TimeLimitSwitchFloorAndGlidTile.prefab
  artifactKey: Guid(ee5b449f4274ebf46bc2db4555186f90) Importer(815301076,1909f56bfc062723c751e8b465ee728b)
Start importing Assets/ClusterCreatorKitTemplate/Playground/Prefabs/Patterns/TimeLimitSwitchFloorAndGlidTile.prefab using Guid(ee5b449f4274ebf46bc2db4555186f90) Importer(815301076,1909f56bfc062723c751e8b465ee728b)  -> (artifact id: '5aaf0b698fd5d389e2a072e2077ef59a') in 0.104518 seconds 
========================================================================
Received Import Request.
  Time since last request: 0.000020 seconds.
  path: Assets/ClusterCreatorKitTemplate/Playground/Prefabs/Patterns/Toruses.prefab
  artifactKey: Guid(6e6d2037f59a4d1429c524c95f86f6ea) Importer(815301076,1909f56bfc062723c751e8b465ee728b)
Start importing Assets/ClusterCreatorKitTemplate/Playground/Prefabs/Patterns/Toruses.prefab using Guid(6e6d2037f59a4d1429c524c95f86f6ea) Importer(815301076,1909f56bfc062723c751e8b465ee728b)  -> (artifact id: 'eabcadc454e852216ddda08686301961') in 0.046536 seconds 
========================================================================
Received Import Request.
  Time since last request: 0.000024 seconds.
  path: Assets/ClusterCreatorKitTemplate/Playground/Prefabs/Patterns/TimeTilesAndGridTile.prefab
  artifactKey: Guid(8cf7e4b3446ff2240b5c96c82503e14b) Importer(815301076,1909f56bfc062723c751e8b465ee728b)
Start importing Assets/ClusterCreatorKitTemplate/Playground/Prefabs/Patterns/TimeTilesAndGridTile.prefab using Guid(8cf7e4b3446ff2240b5c96c82503e14b) Importer(815301076,1909f56bfc062723c751e8b465ee728b)  -> (artifact id: '2d28a311e1058df7a69b3d5752f92a6c') in 0.057296 seconds 
========================================================================
Received Import Request.
  Time since last request: 0.000025 seconds.
  path: Assets/ClusterCreatorKitTemplate/Playground/Prefabs/Patterns/JumpTileWall.prefab
  artifactKey: Guid(59ce7a5aafa203643a5217fc84b0a570) Importer(815301076,1909f56bfc062723c751e8b465ee728b)
Start importing Assets/ClusterCreatorKitTemplate/Playground/Prefabs/Patterns/JumpTileWall.prefab using Guid(59ce7a5aafa203643a5217fc84b0a570) Importer(815301076,1909f56bfc062723c751e8b465ee728b)  -> (artifact id: '243e6926b4a1468b2ba2c99d05428a34') in 0.044711 seconds 
========================================================================
Received Import Request.
  Time since last request: 15.976369 seconds.
  path: Assets/OneStrokeWriting/Prefab/TileObject.prefab
  artifactKey: Guid(0c66e94c78b6ab84fb780d0a7a3613f3) Importer(815301076,1909f56bfc062723c751e8b465ee728b)
Start importing Assets/OneStrokeWriting/Prefab/TileObject.prefab using Guid(0c66e94c78b6ab84fb780d0a7a3613f3) Importer(815301076,1909f56bfc062723c751e8b465ee728b)  -> (artifact id: '7b02d73a8164584dd8c54f6a42ada95a') in 0.022547 seconds 
========================================================================
Received Import Request.
  Time since last request: 1.462222 seconds.
  path: Assets/ClusterCreatorKitTemplate/Minimal/Textures/platform_top_albedo_transparency.png
  artifactKey: Guid(987da29db1c7f40968333b44ef2f8ca6) Importer(815301076,1909f56bfc062723c751e8b465ee728b)
Start importing Assets/ClusterCreatorKitTemplate/Minimal/Textures/platform_top_albedo_transparency.png using Guid(987da29db1c7f40968333b44ef2f8ca6) Importer(815301076,1909f56bfc062723c751e8b465ee728b)  -> (artifact id: 'ff913ac3d0f66b03853385692b7555b9') in 0.034810 seconds 
========================================================================
Received Import Request.
  Time since last request: 40.943027 seconds.
  path: Assets/ClusterCreatorKitTemplate/Playground/Materials/FloorMat 1.mat
  artifactKey: Guid(0f33b70d33b9e8242b011e5278494f15) Importer(815301076,1909f56bfc062723c751e8b465ee728b)
Start importing Assets/ClusterCreatorKitTemplate/Playground/Materials/FloorMat 1.mat using Guid(0f33b70d33b9e8242b011e5278494f15) Importer(815301076,1909f56bfc062723c751e8b465ee728b)  -> (artifact id: '90dc919cdc0c67de693e83f11cb188e6') in 0.108890 seconds 
========================================================================
Received Import Request.
  Time since last request: 49.724159 seconds.
  path: Assets/ClusterCreatorKitTemplate/Playground/Materials/FloorMat Oranji.mat
  artifactKey: Guid(0f33b70d33b9e8242b011e5278494f15) Importer(815301076,1909f56bfc062723c751e8b465ee728b)
Start importing Assets/ClusterCreatorKitTemplate/Playground/Materials/FloorMat Oranji.mat using Guid(0f33b70d33b9e8242b011e5278494f15) Importer(815301076,1909f56bfc062723c751e8b465ee728b)  -> (artifact id: '44e1ecb631ba931fcb098595d564c258') in 0.021130 seconds 
========================================================================
Received Import Request.
  Time since last request: 214.703531 seconds.
  path: Assets/ClusterCreatorKitTemplate/Playground/Materials/FloorMat Oranji.mat
  artifactKey: Guid(0f33b70d33b9e8242b011e5278494f15) Importer(815301076,1909f56bfc062723c751e8b465ee728b)
Start importing Assets/ClusterCreatorKitTemplate/Playground/Materials/FloorMat Oranji.mat using Guid(0f33b70d33b9e8242b011e5278494f15) Importer(815301076,1909f56bfc062723c751e8b465ee728b)  -> (artifact id: 'b24bc8eaed403de20db6609e3e5e5a51') in 0.019913 seconds 
