Using pre-set license
Built from '2021.3/staging' branch; Version is '2021.3.4f1 (cb45f9cae8b7) revision 13321721'; Using compiler version '192829333'; Build Type 'Release'
OS: 'Windows 10  (10.0.19045) 64bit Professional' Language: 'ja' Physical Memory: 16204 MB
BatchMode: 1, IsHumanControllingUs: 0, StartBugReporterOnCrash: 0, Is64bit: 1, IsPro: 1

COMMAND LINE ARGUMENTS:
C:\Program Files\Unity\Hub\Editor\2021.3.4f1\Editor\Unity.exe
-adb2
-batchMode
-noUpm
-name
AssetImportWorker2
-projectPath
C:/Users/s212058/Documents/GitHub/one-stroke-3d/一筆書き
-logFile
Logs/AssetImportWorker2.log
-srvPort
61136
Successfully changed project path to: C:/Users/s212058/Documents/GitHub/one-stroke-3d/一筆書き
C:/Users/s212058/Documents/GitHub/one-stroke-3d/一筆書き
[UnityMemory] Configuration Parameters - Can be set up in boot.config
    "memorysetup-bucket-allocator-granularity=16"
    "memorysetup-bucket-allocator-bucket-count=8"
    "memorysetup-bucket-allocator-block-size=33554432"
    "memorysetup-bucket-allocator-block-count=8"
    "memorysetup-main-allocator-block-size=16777216"
    "memorysetup-thread-allocator-block-size=16777216"
    "memorysetup-gfx-main-allocator-block-size=16777216"
    "memorysetup-gfx-thread-allocator-block-size=16777216"
    "memorysetup-cache-allocator-block-size=4194304"
    "memorysetup-typetree-allocator-block-size=2097152"
    "memorysetup-profiler-bucket-allocator-granularity=16"
    "memorysetup-profiler-bucket-allocator-bucket-count=8"
    "memorysetup-profiler-bucket-allocator-block-size=33554432"
    "memorysetup-profiler-bucket-allocator-block-count=8"
    "memorysetup-profiler-allocator-block-size=16777216"
    "memorysetup-profiler-editor-allocator-block-size=1048576"
    "memorysetup-temp-allocator-size-main=16777216"
    "memorysetup-job-temp-allocator-block-size=2097152"
    "memorysetup-job-temp-allocator-block-size-background=1048576"
    "memorysetup-job-temp-allocator-reduction-small-platforms=262144"
    "memorysetup-temp-allocator-size-background-worker=32768"
    "memorysetup-temp-allocator-size-job-worker=262144"
    "memorysetup-temp-allocator-size-preload-manager=33554432"
    "memorysetup-temp-allocator-size-nav-mesh-worker=65536"
    "memorysetup-temp-allocator-size-audio-worker=65536"
    "memorysetup-temp-allocator-size-cloud-worker=32768"
    "memorysetup-temp-allocator-size-gi-baking-worker=262144"
    "memorysetup-temp-allocator-size-gfx=262144"
Refreshing native plugins compatible for Editor in 42.67 ms, found 0 plugins.
Preloading 0 native plugins for Editor in 0.00 ms.
Initialize engine version: 2021.3.4f1 (cb45f9cae8b7)
[Subsystems] Discovering subsystems at path C:/Program Files/Unity/Hub/Editor/2021.3.4f1/Editor/Data/Resources/UnitySubsystems
[Subsystems] Discovering subsystems at path C:/Users/s212058/Documents/GitHub/one-stroke-3d/一筆書き/Assets
GfxDevice: creating device client; threaded=0; jobified=0
Direct3D:
    Version:  Direct3D 11.0 [level 11.1]
    Renderer: NVIDIA GeForce GTX 1660 Ti (ID=0x2191)
    Vendor:   NVIDIA
    VRAM:     5991 MB
    Driver:   30.0.14.9676
Initialize mono
Mono path[0] = 'C:/Program Files/Unity/Hub/Editor/2021.3.4f1/Editor/Data/Managed'
Mono path[1] = 'C:/Program Files/Unity/Hub/Editor/2021.3.4f1/Editor/Data/MonoBleedingEdge/lib/mono/unityjit-win32'
Mono config path = 'C:/Program Files/Unity/Hub/Editor/2021.3.4f1/Editor/Data/MonoBleedingEdge/etc'
Using monoOptions --debugger-agent=transport=dt_socket,embedding=1,server=y,suspend=n,address=127.0.0.1:56316
Begin MonoManager ReloadAssembly
Registering precompiled unity dll's ...
Register platform support module: C:/Program Files/Unity/Hub/Editor/2021.3.4f1/Editor/Data/PlaybackEngines/WebGLSupport/UnityEditor.WebGL.Extensions.dll
Register platform support module: C:/Program Files/Unity/Hub/Editor/2021.3.4f1/Editor/Data/PlaybackEngines/iOSSupport/UnityEditor.iOS.Extensions.dll
Register platform support module: C:/Program Files/Unity/Hub/Editor/2021.3.4f1/Editor/Data/PlaybackEngines/WindowsStandaloneSupport/UnityEditor.WindowsStandalone.Extensions.dll
Registered in 0.040672 seconds.
Native extension for WindowsStandalone target not found
[usbmuxd] Start listen thread
[usbmuxd] Listen thread started
Native extension for iOS target not found
Native extension for WebGL target not found
Refreshing native plugins compatible for Editor in 38.92 ms, found 0 plugins.
Preloading 0 native plugins for Editor in 0.00 ms.
Mono: successfully reloaded assembly
- Completed reload, in  1.500 seconds
Domain Reload Profiling:
	ReloadAssembly (1500ms)
		BeginReloadAssembly (738ms)
			ExecutionOrderSort (0ms)
			DisableScriptedObjects (0ms)
			BackupInstance (0ms)
			ReleaseScriptingObjects (0ms)
			CreateAndSetChildDomain (1ms)
		EndReloadAssembly (549ms)
			LoadAssemblies (738ms)
			RebuildTransferFunctionScriptingTraits (0ms)
			SetupTypeCache (195ms)
			ReleaseScriptCaches (0ms)
			RebuildScriptCaches (28ms)
			SetupLoadedEditorAssemblies (255ms)
				LogAssemblyErrors (0ms)
				InitializePlatformSupportModulesInManaged (45ms)
				SetLoadedEditorAssemblies (0ms)
				RefreshPlugins (39ms)
				BeforeProcessingInitializeOnLoad (1ms)
				ProcessInitializeOnLoadAttributes (112ms)
				ProcessInitializeOnLoadMethodAttributes (58ms)
				AfterProcessingInitializeOnLoad (0ms)
				EditorAssembliesLoaded (0ms)
			ExecutionOrderSort2 (0ms)
			AwakeInstancesAfterBackupRestoration (0ms)
Platform modules already initialized, skipping
Registering precompiled user dll's ...
Registered in 0.067884 seconds.
Begin MonoManager ReloadAssembly
Native extension for WindowsStandalone target not found
Native extension for iOS target not found
Native extension for WebGL target not found
Refreshing native plugins compatible for Editor in 40.36 ms, found 0 plugins.
Preloading 0 native plugins for Editor in 0.00 ms.
Package Manager log level set to [2]
Mono: successfully reloaded assembly
- Completed reload, in  1.842 seconds
Domain Reload Profiling:
	ReloadAssembly (1843ms)
		BeginReloadAssembly (191ms)
			ExecutionOrderSort (0ms)
			DisableScriptedObjects (5ms)
			BackupInstance (0ms)
			ReleaseScriptingObjects (0ms)
			CreateAndSetChildDomain (20ms)
		EndReloadAssembly (1485ms)
			LoadAssemblies (681ms)
			RebuildTransferFunctionScriptingTraits (0ms)
			SetupTypeCache (263ms)
			ReleaseScriptCaches (1ms)
			RebuildScriptCaches (54ms)
			SetupLoadedEditorAssemblies (501ms)
				LogAssemblyErrors (0ms)
				InitializePlatformSupportModulesInManaged (22ms)
				SetLoadedEditorAssemblies (0ms)
				RefreshPlugins (40ms)
				BeforeProcessingInitializeOnLoad (112ms)
				ProcessInitializeOnLoadAttributes (282ms)
				ProcessInitializeOnLoadMethodAttributes (26ms)
				AfterProcessingInitializeOnLoad (19ms)
				EditorAssembliesLoaded (0ms)
			ExecutionOrderSort2 (0ms)
			AwakeInstancesAfterBackupRestoration (6ms)
Platform modules already initialized, skipping
========================================================================
Worker process is ready to serve import requests
Launched and connected shader compiler UnityShaderCompiler.exe after 0.09 seconds
Refreshing native plugins compatible for Editor in 0.47 ms, found 0 plugins.
Preloading 0 native plugins for Editor in 0.00 ms.
Unloading 2207 Unused Serialized files (Serialized files now loaded: 0)
Unloading 158 unused Assets / (1.3 MB). Loaded Objects now: 2673.
Memory consumption went from 185.6 MB to 184.2 MB.
Total: 3.243400 ms (FindLiveObjects: 0.237000 ms CreateObjectMapping: 0.148500 ms MarkObjects: 2.433000 ms  DeleteObjects: 0.424000 ms)

AssetImportParameters requested are different than current active one (requested -> active):
  custom:video-decoder-ogg-theora: a1e56fd34408186e4bbccfd4996cb3dc -> 
  custom:container-muxer-webm: aa71ff27fc2769a1b78a27578f13a17b -> 
  custom:container-demuxer-webm: 4f35f7cbe854078d1ac9338744f61a02 -> 
  custom:video-encoder-webm-vp8: eb34c28f22e8b96e1ab97ce403110664 -> 
  custom:audio-encoder-webm-vorbis: bf7c407c2cedff20999df2af8eb42d56 -> 
  custom:framework-win-MediaFoundation: 216162199b28c13a410421893ffa2e32 -> 
  custom:container-demuxer-ogg: 62fdf1f143b41e24485cea50d1cbac27 -> 
  custom:video-decoder-webm-vp8: 9c59270c3fd7afecdb556c50c9e8de78 -> 
  custom:audio-decoder-ogg-vorbis: bf7c407c2cedff20999df2af8eb42d56 -> 
========================================================================
Received Import Request.
  Time since last request: 1139177.614502 seconds.
  path: Assets/ClusterCreatorKitTemplate/Playground/Prefabs/Patterns/ChargeJumpWall.prefab
  artifactKey: Guid(8c36ce1a5bb92af409dd370288603382) Importer(815301076,1909f56bfc062723c751e8b465ee728b)
Start importing Assets/ClusterCreatorKitTemplate/Playground/Prefabs/Patterns/ChargeJumpWall.prefab using Guid(8c36ce1a5bb92af409dd370288603382) Importer(815301076,1909f56bfc062723c751e8b465ee728b)  -> (artifact id: '67963513a7bba02c5b966d17c9b4a1cc') in 0.225647 seconds 
========================================================================
Received Import Request.
  Time since last request: 0.000022 seconds.
  path: Assets/ClusterCreatorKitTemplate/Playground/Prefabs/Patterns/CubeUp.prefab
  artifactKey: Guid(4ece9ee4ad3b5df4685fc1ac768f7266) Importer(815301076,1909f56bfc062723c751e8b465ee728b)
Start importing Assets/ClusterCreatorKitTemplate/Playground/Prefabs/Patterns/CubeUp.prefab using Guid(4ece9ee4ad3b5df4685fc1ac768f7266) Importer(815301076,1909f56bfc062723c751e8b465ee728b)  -> (artifact id: 'ad4e3f4df2491b2ceacd751f43147676') in 0.039581 seconds 
========================================================================
Received Import Request.
  Time since last request: 0.000028 seconds.
  path: Assets/ClusterCreatorKitTemplate/Playground/Prefabs/Patterns/RollSticks.prefab
  artifactKey: Guid(26bb2661dba238640a4a01cf87421989) Importer(815301076,1909f56bfc062723c751e8b465ee728b)
Start importing Assets/ClusterCreatorKitTemplate/Playground/Prefabs/Patterns/RollSticks.prefab using Guid(26bb2661dba238640a4a01cf87421989) Importer(815301076,1909f56bfc062723c751e8b465ee728b)  -> (artifact id: 'c4d56b4e19338c85b776dabd32a65cdd') in 0.052184 seconds 
========================================================================
Received Import Request.
  Time since last request: 0.000019 seconds.
  path: Assets/ClusterCreatorKitTemplate/Playground/Prefabs/StaticObjects/Tile4x4 FallOranji.prefab
  artifactKey: Guid(8953cfa18ca2ae040bd5acf42eb78db9) Importer(815301076,1909f56bfc062723c751e8b465ee728b)
Start importing Assets/ClusterCreatorKitTemplate/Playground/Prefabs/StaticObjects/Tile4x4 FallOranji.prefab using Guid(8953cfa18ca2ae040bd5acf42eb78db9) Importer(815301076,1909f56bfc062723c751e8b465ee728b)  -> (artifact id: '575d26e30f78dcc9b1ce27e0ee0d686e') in 0.033577 seconds 
========================================================================
Received Import Request.
  Time since last request: 0.000020 seconds.
  path: Assets/ClusterCreatorKitTemplate/Playground/Prefabs/Sprites/Hitpoint.png
  artifactKey: Guid(38b07b6c21c360b438e2ce1be2d300bd) Importer(815301076,1909f56bfc062723c751e8b465ee728b)
Start importing Assets/ClusterCreatorKitTemplate/Playground/Prefabs/Sprites/Hitpoint.png using Guid(38b07b6c21c360b438e2ce1be2d300bd) Importer(815301076,1909f56bfc062723c751e8b465ee728b)  -> (artifact id: '70ad03919e69d5c46028562410cdf053') in 0.117670 seconds 
========================================================================
Received Import Request.
  Time since last request: 0.000021 seconds.
  path: Assets/ClusterCreatorKitTemplate/Playground/Prefabs/StaticObjects/Button.prefab
  artifactKey: Guid(837da0a4d6118d043a4c8238b27f25b4) Importer(815301076,1909f56bfc062723c751e8b465ee728b)
Start importing Assets/ClusterCreatorKitTemplate/Playground/Prefabs/StaticObjects/Button.prefab using Guid(837da0a4d6118d043a4c8238b27f25b4) Importer(815301076,1909f56bfc062723c751e8b465ee728b) Serialization depth limit 10 exceeded at 'ClusterVR.CreatorKit.Operation::Value.constant'. There may be an object composition cycle in one or more of your serialized classes.

Serialization hierarchy:
11: ClusterVR.CreatorKit.Operation::Value.constant
10: ClusterVR.CreatorKit.Operation::Expression.value
9: ClusterVR.CreatorKit.Operation::OperatorExpression.operands
8: ClusterVR.CreatorKit.Operation::Expression.operatorExpression
7: ClusterVR.CreatorKit.Operation::OperatorExpression.operands
6: ClusterVR.CreatorKit.Operation::Expression.operatorExpression
5: ClusterVR.CreatorKit.Operation::OperatorExpression.operands
4: ClusterVR.CreatorKit.Operation::Expression.operatorExpression
3: ClusterVR.CreatorKit.Operation::SingleStatement.expression
2: ClusterVR.CreatorKit.Operation::Statement.singleStatement
1: ClusterVR.CreatorKit.Operation::Logic.statements
0: ClusterVR.CreatorKit.Operation.Implements::ItemLogic.logic
Serialization depth limit 10 exceeded at 'ClusterVR.CreatorKit.Operation::Value.constant'. There may be an object composition cycle in one or more of your serialized classes.

Serialization hierarchy:
11: ClusterVR.CreatorKit.Operation::Value.constant
10: ClusterVR.CreatorKit.Operation::Expression.value
9: ClusterVR.CreatorKit.Operation::OperatorExpression.operands
8: ClusterVR.CreatorKit.Operation::Expression.operatorExpression
7: ClusterVR.CreatorKit.Operation::OperatorExpression.operands
6: ClusterVR.CreatorKit.Operation::Expression.operatorExpression
5: ClusterVR.CreatorKit.Operation::OperatorExpression.operands
4: ClusterVR.CreatorKit.Operation::Expression.operatorExpression
3: ClusterVR.CreatorKit.Operation::OperatorExpression.operands
2: ClusterVR.CreatorKit.Operation::Expression.operatorExpression
1: ClusterVR.CreatorKit.Operation::SingleStatement.expression
0: ClusterVR.CreatorKit.Operation::Statement.singleStatement
Serialization depth limit 10 exceeded at 'ClusterVR.CreatorKit.Operation::Value.constant'. There may be an object composition cycle in one or more of your serialized classes.

Serialization hierarchy:
11: ClusterVR.CreatorKit.Operation::Value.constant
10: ClusterVR.CreatorKit.Operation::Expression.value
9: ClusterVR.CreatorKit.Operation::OperatorExpression.operands
8: ClusterVR.CreatorKit.Operation::Expression.operatorExpression
7: ClusterVR.CreatorKit.Operation::OperatorExpression.operands
6: ClusterVR.CreatorKit.Operation::Expression.operatorExpression
5: ClusterVR.CreatorKit.Operation::OperatorExpression.operands
4: ClusterVR.CreatorKit.Operation::Expression.operatorExpression
3: ClusterVR.CreatorKit.Operation::OperatorExpression.operands
2: ClusterVR.CreatorKit.Operation::Expression.operatorExpression
1: ClusterVR.CreatorKit.Operation::OperatorExpression.operands
0: ClusterVR.CreatorKit.Operation::Expression.operatorExpression
 -> (artifact id: '2a8bb413340acc911a367bfb655b89f9') in 0.029065 seconds 
========================================================================
Received Import Request.
  Time since last request: 0.000046 seconds.
  path: Assets/ClusterCreatorKitTemplate/Playground/Prefabs/Patterns/Guns.prefab
  artifactKey: Guid(c76e4c1acc48fcb4499cb4d6857d867c) Importer(815301076,1909f56bfc062723c751e8b465ee728b)
Start importing Assets/ClusterCreatorKitTemplate/Playground/Prefabs/Patterns/Guns.prefab using Guid(c76e4c1acc48fcb4499cb4d6857d867c) Importer(815301076,1909f56bfc062723c751e8b465ee728b)  -> (artifact id: '88fda30a230354c3fdfb1a516dbf29b3') in 0.122527 seconds 
========================================================================
Received Import Request.
  Time since last request: 0.000020 seconds.
  path: Assets/ClusterCreatorKitTemplate/Playground/Prefabs/Patterns/Toruses.prefab
  artifactKey: Guid(6e6d2037f59a4d1429c524c95f86f6ea) Importer(815301076,1909f56bfc062723c751e8b465ee728b)
Start importing Assets/ClusterCreatorKitTemplate/Playground/Prefabs/Patterns/Toruses.prefab using Guid(6e6d2037f59a4d1429c524c95f86f6ea) Importer(815301076,1909f56bfc062723c751e8b465ee728b)  -> (artifact id: '0b194d14905f7ef2a8ecca2a9069684e') in 0.046244 seconds 
========================================================================
Received Import Request.
  Time since last request: 0.000019 seconds.
  path: Assets/ClusterCreatorKitTemplate/Playground/Prefabs/Patterns/TimeTilesAndGridTile.prefab
  artifactKey: Guid(8cf7e4b3446ff2240b5c96c82503e14b) Importer(815301076,1909f56bfc062723c751e8b465ee728b)
Start importing Assets/ClusterCreatorKitTemplate/Playground/Prefabs/Patterns/TimeTilesAndGridTile.prefab using Guid(8cf7e4b3446ff2240b5c96c82503e14b) Importer(815301076,1909f56bfc062723c751e8b465ee728b)  -> (artifact id: '14a9a3fdc5cb19243c51610947b26900') in 0.057326 seconds 
========================================================================
Received Import Request.
  Time since last request: 0.000016 seconds.
  path: Assets/ClusterCreatorKitTemplate/Playground/Prefabs/Patterns/BarBridge.prefab
  artifactKey: Guid(d5804e03c79ae0d49b488cef25cc4303) Importer(815301076,1909f56bfc062723c751e8b465ee728b)
Start importing Assets/ClusterCreatorKitTemplate/Playground/Prefabs/Patterns/BarBridge.prefab using Guid(d5804e03c79ae0d49b488cef25cc4303) Importer(815301076,1909f56bfc062723c751e8b465ee728b)  -> (artifact id: 'f2999a785d0a9166399d37b2228623d4') in 0.026916 seconds 
========================================================================
Received Import Request.
  Time since last request: 0.000031 seconds.
  path: Assets/ClusterCreatorKitTemplate/Playground/Prefabs/Patterns/BrittlelTiles.prefab
  artifactKey: Guid(d4cda118b8c468b4496e747e950eac7c) Importer(815301076,1909f56bfc062723c751e8b465ee728b)
Start importing Assets/ClusterCreatorKitTemplate/Playground/Prefabs/Patterns/BrittlelTiles.prefab using Guid(d4cda118b8c468b4496e747e950eac7c) Importer(815301076,1909f56bfc062723c751e8b465ee728b)  -> (artifact id: '7dc6cf3b4ab6d0b661b4f7add6b0afc1') in 0.038111 seconds 
========================================================================
Received Import Request.
  Time since last request: 103.547498 seconds.
  path: Assets/ClusterCreatorKitTemplate/Playground/Prefabs/StaticObjects/Tile4x4 Oranji.prefab
  artifactKey: Guid(0413dddff9f98d34db2bab10799d3d51) Importer(815301076,1909f56bfc062723c751e8b465ee728b)
Start importing Assets/ClusterCreatorKitTemplate/Playground/Prefabs/StaticObjects/Tile4x4 Oranji.prefab using Guid(0413dddff9f98d34db2bab10799d3d51) Importer(815301076,1909f56bfc062723c751e8b465ee728b)  -> (artifact id: '998eb904dc9f7c035bc9ed086f72604c') in 0.023784 seconds 
========================================================================
Received Import Request.
  Time since last request: 4.193265 seconds.
  path: Assets/ClusterCreatorKitTemplate/Playground/Prefabs/StaticObjects/Tile4x4 Oranji.prefab
  artifactKey: Guid(0413dddff9f98d34db2bab10799d3d51) Importer(815301076,1909f56bfc062723c751e8b465ee728b)
Start importing Assets/ClusterCreatorKitTemplate/Playground/Prefabs/StaticObjects/Tile4x4 Oranji.prefab using Guid(0413dddff9f98d34db2bab10799d3d51) Importer(815301076,1909f56bfc062723c751e8b465ee728b)  -> (artifact id: 'd53a12d022fe58d9b01896b948550369') in 0.023383 seconds 
========================================================================
Received Import Request.
  Time since last request: 17.679752 seconds.
  path: Assets/ClusterCreatorKitTemplate/Playground/Prefabs/StaticObjects/Tile4x4 Oranji.prefab
  artifactKey: Guid(0413dddff9f98d34db2bab10799d3d51) Importer(815301076,1909f56bfc062723c751e8b465ee728b)
Start importing Assets/ClusterCreatorKitTemplate/Playground/Prefabs/StaticObjects/Tile4x4 Oranji.prefab using Guid(0413dddff9f98d34db2bab10799d3d51) Importer(815301076,1909f56bfc062723c751e8b465ee728b)  -> (artifact id: 'f59ff0ac3c2bd64fbb0760f2d2fed890') in 0.029247 seconds 
========================================================================
Received Import Request.
  Time since last request: 24.535337 seconds.
  path: Assets/ClusterCreatorKitTemplate/Playground/Prefabs/StaticObjects/Tile4x4.prefab
  artifactKey: Guid(b3a5050a80e55ac48a78a806f23e1175) Importer(815301076,1909f56bfc062723c751e8b465ee728b)
Start importing Assets/ClusterCreatorKitTemplate/Playground/Prefabs/StaticObjects/Tile4x4.prefab using Guid(b3a5050a80e55ac48a78a806f23e1175) Importer(815301076,1909f56bfc062723c751e8b465ee728b)  -> (artifact id: 'a4dc44500944c34922fb5b517ba7b8a7') in 0.024639 seconds 
========================================================================
Received Import Request.
  Time since last request: 20.870612 seconds.
  path: Assets/ClusterCreatorKitTemplate/Playground/Prefabs/StaticObjects/Tile4x4 Oranji.prefab
  artifactKey: Guid(0413dddff9f98d34db2bab10799d3d51) Importer(815301076,1909f56bfc062723c751e8b465ee728b)
Start importing Assets/ClusterCreatorKitTemplate/Playground/Prefabs/StaticObjects/Tile4x4 Oranji.prefab using Guid(0413dddff9f98d34db2bab10799d3d51) Importer(815301076,1909f56bfc062723c751e8b465ee728b)  -> (artifact id: '123c0758c9a825c0e0073d1908b156e8') in 0.023189 seconds 
========================================================================
Received Import Request.
  Time since last request: 4.219219 seconds.
  path: Assets/ClusterCreatorKitTemplate/Playground/Prefabs/StaticObjects/Tile4x4 Oranji.prefab
  artifactKey: Guid(0413dddff9f98d34db2bab10799d3d51) Importer(815301076,1909f56bfc062723c751e8b465ee728b)
Start importing Assets/ClusterCreatorKitTemplate/Playground/Prefabs/StaticObjects/Tile4x4 Oranji.prefab using Guid(0413dddff9f98d34db2bab10799d3d51) Importer(815301076,1909f56bfc062723c751e8b465ee728b)  -> (artifact id: '4fb616489fee9b659d0790666082915f') in 0.025663 seconds 
========================================================================
Received Import Request.
  Time since last request: 5.815267 seconds.
  path: Assets/ClusterCreatorKitTemplate/Playground/Prefabs/StaticObjects/Tile4x4 Oranji.prefab
  artifactKey: Guid(0413dddff9f98d34db2bab10799d3d51) Importer(815301076,1909f56bfc062723c751e8b465ee728b)
Start importing Assets/ClusterCreatorKitTemplate/Playground/Prefabs/StaticObjects/Tile4x4 Oranji.prefab using Guid(0413dddff9f98d34db2bab10799d3d51) Importer(815301076,1909f56bfc062723c751e8b465ee728b)  -> (artifact id: '1397adbb833fccd17fea986cab6474bc') in 0.020715 seconds 
========================================================================
Received Import Request.
  Time since last request: 23.753981 seconds.
  path: Assets/ClusterCreatorKitTemplate/Playground/Prefabs/StaticObjects/Tile4x4 FallOranji.prefab
  artifactKey: Guid(8953cfa18ca2ae040bd5acf42eb78db9) Importer(815301076,1909f56bfc062723c751e8b465ee728b)
Start importing Assets/ClusterCreatorKitTemplate/Playground/Prefabs/StaticObjects/Tile4x4 FallOranji.prefab using Guid(8953cfa18ca2ae040bd5acf42eb78db9) Importer(815301076,1909f56bfc062723c751e8b465ee728b)  -> (artifact id: '13aa4c14067982408f0091e86738e16a') in 0.022481 seconds 
========================================================================
Received Import Request.
  Time since last request: 0.000017 seconds.
  path: Assets/ClusterCreatorKitTemplate/Playground/Prefabs/StaticObjects/Tile4x4.prefab
  artifactKey: Guid(b3a5050a80e55ac48a78a806f23e1175) Importer(815301076,1909f56bfc062723c751e8b465ee728b)
Start importing Assets/ClusterCreatorKitTemplate/Playground/Prefabs/StaticObjects/Tile4x4.prefab using Guid(b3a5050a80e55ac48a78a806f23e1175) Importer(815301076,1909f56bfc062723c751e8b465ee728b)  -> (artifact id: 'e66b466a8d25e96c802600ef83da23a1') in 0.028839 seconds 
========================================================================
Received Prepare
Registering precompiled user dll's ...
Registered in 0.008730 seconds.
Begin MonoManager ReloadAssembly
Native extension for WindowsStandalone target not found
Native extension for iOS target not found
Native extension for WebGL target not found
Refreshing native plugins compatible for Editor in 0.49 ms, found 0 plugins.
Preloading 0 native plugins for Editor in 0.00 ms.
[Package Manager] Server::EnsureServerProcessIsRunning -- launch failed, reason: Unity was launched with the -noUpm command-line argument
[Package Manager] Cannot connect to Unity Package Manager local server
Warning: Annotation not found!
UnityEngine.StackTraceUtility:ExtractStackTrace ()
UnityEditor.ProBuilder.EditorUtility:SetGizmoIconEnabled (System.Type,bool) (at Library/PackageCache/com.unity.probuilder@5.0.3/Editor/EditorCore/EditorUtility.cs:575)
UnityEditor.ProBuilder.HierarchyListener:.cctor () (at Library/PackageCache/com.unity.probuilder@5.0.3/Editor/EditorCore/HierarchyListener.cs:21)
System.Runtime.CompilerServices.RuntimeHelpers:RunClassConstructor (System.RuntimeTypeHandle)
UnityEditor.EditorAssemblies:ProcessInitializeOnLoadAttributes (System.Type[])

[Library/PackageCache/com.unity.probuilder@5.0.3/Editor/EditorCore/EditorUtility.cs line 575]

Mono: successfully reloaded assembly
- Completed reload, in  1.174 seconds
Domain Reload Profiling:
	ReloadAssembly (1175ms)
		BeginReloadAssembly (227ms)
			ExecutionOrderSort (0ms)
			DisableScriptedObjects (6ms)
			BackupInstance (0ms)
			ReleaseScriptingObjects (0ms)
			CreateAndSetChildDomain (26ms)
		EndReloadAssembly (819ms)
			LoadAssemblies (216ms)
			RebuildTransferFunctionScriptingTraits (0ms)
			SetupTypeCache (205ms)
			ReleaseScriptCaches (1ms)
			RebuildScriptCaches (46ms)
			SetupLoadedEditorAssemblies (361ms)
				LogAssemblyErrors (0ms)
				InitializePlatformSupportModulesInManaged (35ms)
				SetLoadedEditorAssemblies (0ms)
				RefreshPlugins (1ms)
				BeforeProcessingInitializeOnLoad (112ms)
				ProcessInitializeOnLoadAttributes (165ms)
				ProcessInitializeOnLoadMethodAttributes (27ms)
				AfterProcessingInitializeOnLoad (20ms)
				EditorAssembliesLoaded (0ms)
			ExecutionOrderSort2 (0ms)
			AwakeInstancesAfterBackupRestoration (7ms)
Platform modules already initialized, skipping
Refreshing native plugins compatible for Editor in 0.93 ms, found 0 plugins.
Preloading 0 native plugins for Editor in 0.00 ms.
Unloading 2137 Unused Serialized files (Serialized files now loaded: 0)
Unloading 22 unused Assets / (1.3 MB). Loaded Objects now: 2687.
Memory consumption went from 183.5 MB to 182.2 MB.
Total: 3.018700 ms (FindLiveObjects: 0.255400 ms CreateObjectMapping: 0.123000 ms MarkObjects: 2.310300 ms  DeleteObjects: 0.328100 ms)

AssetImportParameters requested are different than current active one (requested -> active):
  custom:video-decoder-ogg-theora: a1e56fd34408186e4bbccfd4996cb3dc -> 
  custom:container-muxer-webm: aa71ff27fc2769a1b78a27578f13a17b -> 
  custom:container-demuxer-webm: 4f35f7cbe854078d1ac9338744f61a02 -> 
  custom:video-encoder-webm-vp8: eb34c28f22e8b96e1ab97ce403110664 -> 
  custom:audio-encoder-webm-vorbis: bf7c407c2cedff20999df2af8eb42d56 -> 
  custom:framework-win-MediaFoundation: 216162199b28c13a410421893ffa2e32 -> 
  custom:container-demuxer-ogg: 62fdf1f143b41e24485cea50d1cbac27 -> 
  custom:video-decoder-webm-vp8: 9c59270c3fd7afecdb556c50c9e8de78 -> 
  custom:audio-decoder-ogg-vorbis: bf7c407c2cedff20999df2af8eb42d56 -> 
========================================================================
Received Prepare
Registering precompiled user dll's ...
Registered in 0.009594 seconds.
Begin MonoManager ReloadAssembly
Native extension for WindowsStandalone target not found
Native extension for iOS target not found
Native extension for WebGL target not found
Refreshing native plugins compatible for Editor in 0.48 ms, found 0 plugins.
Preloading 0 native plugins for Editor in 0.00 ms.
[Package Manager] Server::EnsureServerProcessIsRunning -- launch failed, reason: Unity was launched with the -noUpm command-line argument
[Package Manager] Cannot connect to Unity Package Manager local server
Warning: Annotation not found!
UnityEngine.StackTraceUtility:ExtractStackTrace ()
UnityEditor.ProBuilder.EditorUtility:SetGizmoIconEnabled (System.Type,bool) (at Library/PackageCache/com.unity.probuilder@5.0.3/Editor/EditorCore/EditorUtility.cs:575)
UnityEditor.ProBuilder.HierarchyListener:.cctor () (at Library/PackageCache/com.unity.probuilder@5.0.3/Editor/EditorCore/HierarchyListener.cs:21)
System.Runtime.CompilerServices.RuntimeHelpers:RunClassConstructor (System.RuntimeTypeHandle)
UnityEditor.EditorAssemblies:ProcessInitializeOnLoadAttributes (System.Type[])

[Library/PackageCache/com.unity.probuilder@5.0.3/Editor/EditorCore/EditorUtility.cs line 575]

Mono: successfully reloaded assembly
- Completed reload, in  1.164 seconds
Domain Reload Profiling:
	ReloadAssembly (1165ms)
		BeginReloadAssembly (217ms)
			ExecutionOrderSort (0ms)
			DisableScriptedObjects (6ms)
			BackupInstance (0ms)
			ReleaseScriptingObjects (0ms)
			CreateAndSetChildDomain (25ms)
		EndReloadAssembly (818ms)
			LoadAssemblies (216ms)
			RebuildTransferFunctionScriptingTraits (0ms)
			SetupTypeCache (199ms)
			ReleaseScriptCaches (1ms)
			RebuildScriptCaches (47ms)
			SetupLoadedEditorAssemblies (363ms)
				LogAssemblyErrors (0ms)
				InitializePlatformSupportModulesInManaged (38ms)
				SetLoadedEditorAssemblies (0ms)
				RefreshPlugins (1ms)
				BeforeProcessingInitializeOnLoad (114ms)
				ProcessInitializeOnLoadAttributes (161ms)
				ProcessInitializeOnLoadMethodAttributes (27ms)
				AfterProcessingInitializeOnLoad (21ms)
				EditorAssembliesLoaded (0ms)
			ExecutionOrderSort2 (0ms)
			AwakeInstancesAfterBackupRestoration (8ms)
Platform modules already initialized, skipping
Refreshing native plugins compatible for Editor in 1.97 ms, found 0 plugins.
Preloading 0 native plugins for Editor in 0.00 ms.
Unloading 2137 Unused Serialized files (Serialized files now loaded: 0)
Unloading 20 unused Assets / (1.3 MB). Loaded Objects now: 2690.
Memory consumption went from 183.5 MB to 182.2 MB.
Total: 3.397700 ms (FindLiveObjects: 0.181800 ms CreateObjectMapping: 0.104300 ms MarkObjects: 2.784600 ms  DeleteObjects: 0.325700 ms)

AssetImportParameters requested are different than current active one (requested -> active):
  custom:video-decoder-ogg-theora: a1e56fd34408186e4bbccfd4996cb3dc -> 
  custom:container-muxer-webm: aa71ff27fc2769a1b78a27578f13a17b -> 
  custom:container-demuxer-webm: 4f35f7cbe854078d1ac9338744f61a02 -> 
  custom:video-encoder-webm-vp8: eb34c28f22e8b96e1ab97ce403110664 -> 
  custom:audio-encoder-webm-vorbis: bf7c407c2cedff20999df2af8eb42d56 -> 
  custom:framework-win-MediaFoundation: 216162199b28c13a410421893ffa2e32 -> 
  custom:container-demuxer-ogg: 62fdf1f143b41e24485cea50d1cbac27 -> 
  custom:video-decoder-webm-vp8: 9c59270c3fd7afecdb556c50c9e8de78 -> 
  custom:audio-decoder-ogg-vorbis: bf7c407c2cedff20999df2af8eb42d56 -> 
========================================================================
Received Prepare
Registering precompiled user dll's ...
Registered in 0.008959 seconds.
Begin MonoManager ReloadAssembly
Native extension for WindowsStandalone target not found
Native extension for iOS target not found
Native extension for WebGL target not found
Refreshing native plugins compatible for Editor in 0.88 ms, found 0 plugins.
Preloading 0 native plugins for Editor in 0.00 ms.
[Package Manager] Server::EnsureServerProcessIsRunning -- launch failed, reason: Unity was launched with the -noUpm command-line argument
[Package Manager] Cannot connect to Unity Package Manager local server
Warning: Annotation not found!
UnityEngine.StackTraceUtility:ExtractStackTrace ()
UnityEditor.ProBuilder.EditorUtility:SetGizmoIconEnabled (System.Type,bool) (at Library/PackageCache/com.unity.probuilder@5.0.3/Editor/EditorCore/EditorUtility.cs:575)
UnityEditor.ProBuilder.HierarchyListener:.cctor () (at Library/PackageCache/com.unity.probuilder@5.0.3/Editor/EditorCore/HierarchyListener.cs:21)
System.Runtime.CompilerServices.RuntimeHelpers:RunClassConstructor (System.RuntimeTypeHandle)
UnityEditor.EditorAssemblies:ProcessInitializeOnLoadAttributes (System.Type[])

[Library/PackageCache/com.unity.probuilder@5.0.3/Editor/EditorCore/EditorUtility.cs line 575]

Mono: successfully reloaded assembly
- Completed reload, in  1.146 seconds
Domain Reload Profiling:
	ReloadAssembly (1147ms)
		BeginReloadAssembly (211ms)
			ExecutionOrderSort (0ms)
			DisableScriptedObjects (6ms)
			BackupInstance (0ms)
			ReleaseScriptingObjects (0ms)
			CreateAndSetChildDomain (25ms)
		EndReloadAssembly (807ms)
			LoadAssemblies (208ms)
			RebuildTransferFunctionScriptingTraits (0ms)
			SetupTypeCache (200ms)
			ReleaseScriptCaches (1ms)
			RebuildScriptCaches (47ms)
			SetupLoadedEditorAssemblies (357ms)
				LogAssemblyErrors (0ms)
				InitializePlatformSupportModulesInManaged (36ms)
				SetLoadedEditorAssemblies (1ms)
				RefreshPlugins (1ms)
				BeforeProcessingInitializeOnLoad (113ms)
				ProcessInitializeOnLoadAttributes (156ms)
				ProcessInitializeOnLoadMethodAttributes (28ms)
				AfterProcessingInitializeOnLoad (21ms)
				EditorAssembliesLoaded (0ms)
			ExecutionOrderSort2 (0ms)
			AwakeInstancesAfterBackupRestoration (7ms)
Platform modules already initialized, skipping
Refreshing native plugins compatible for Editor in 1.06 ms, found 0 plugins.
Preloading 0 native plugins for Editor in 0.00 ms.
Unloading 2137 Unused Serialized files (Serialized files now loaded: 0)
Unloading 20 unused Assets / (1.3 MB). Loaded Objects now: 2693.
Memory consumption went from 183.5 MB to 182.2 MB.
Total: 3.260700 ms (FindLiveObjects: 0.286500 ms CreateObjectMapping: 0.126800 ms MarkObjects: 2.581000 ms  DeleteObjects: 0.264800 ms)

AssetImportParameters requested are different than current active one (requested -> active):
  custom:video-decoder-ogg-theora: a1e56fd34408186e4bbccfd4996cb3dc -> 
  custom:container-muxer-webm: aa71ff27fc2769a1b78a27578f13a17b -> 
  custom:container-demuxer-webm: 4f35f7cbe854078d1ac9338744f61a02 -> 
  custom:video-encoder-webm-vp8: eb34c28f22e8b96e1ab97ce403110664 -> 
  custom:audio-encoder-webm-vorbis: bf7c407c2cedff20999df2af8eb42d56 -> 
  custom:framework-win-MediaFoundation: 216162199b28c13a410421893ffa2e32 -> 
  custom:container-demuxer-ogg: 62fdf1f143b41e24485cea50d1cbac27 -> 
  custom:video-decoder-webm-vp8: 9c59270c3fd7afecdb556c50c9e8de78 -> 
  custom:audio-decoder-ogg-vorbis: bf7c407c2cedff20999df2af8eb42d56 -> 
========================================================================
Received Prepare
Registering precompiled user dll's ...
Registered in 0.009022 seconds.
Begin MonoManager ReloadAssembly
Native extension for WindowsStandalone target not found
Native extension for iOS target not found
Native extension for WebGL target not found
Refreshing native plugins compatible for Editor in 0.60 ms, found 0 plugins.
Preloading 0 native plugins for Editor in 0.00 ms.
[Package Manager] Server::EnsureServerProcessIsRunning -- launch failed, reason: Unity was launched with the -noUpm command-line argument
[Package Manager] Cannot connect to Unity Package Manager local server
Warning: Annotation not found!
UnityEngine.StackTraceUtility:ExtractStackTrace ()
UnityEditor.ProBuilder.EditorUtility:SetGizmoIconEnabled (System.Type,bool) (at Library/PackageCache/com.unity.probuilder@5.0.3/Editor/EditorCore/EditorUtility.cs:575)
UnityEditor.ProBuilder.HierarchyListener:.cctor () (at Library/PackageCache/com.unity.probuilder@5.0.3/Editor/EditorCore/HierarchyListener.cs:21)
System.Runtime.CompilerServices.RuntimeHelpers:RunClassConstructor (System.RuntimeTypeHandle)
UnityEditor.EditorAssemblies:ProcessInitializeOnLoadAttributes (System.Type[])

[Library/PackageCache/com.unity.probuilder@5.0.3/Editor/EditorCore/EditorUtility.cs line 575]

Mono: successfully reloaded assembly
- Completed reload, in  1.158 seconds
Domain Reload Profiling:
	ReloadAssembly (1158ms)
		BeginReloadAssembly (211ms)
			ExecutionOrderSort (0ms)
			DisableScriptedObjects (6ms)
			BackupInstance (0ms)
			ReleaseScriptingObjects (0ms)
			CreateAndSetChildDomain (24ms)
		EndReloadAssembly (818ms)
			LoadAssemblies (206ms)
			RebuildTransferFunctionScriptingTraits (0ms)
			SetupTypeCache (205ms)
			ReleaseScriptCaches (1ms)
			RebuildScriptCaches (48ms)
			SetupLoadedEditorAssemblies (356ms)
				LogAssemblyErrors (0ms)
				InitializePlatformSupportModulesInManaged (36ms)
				SetLoadedEditorAssemblies (1ms)
				RefreshPlugins (1ms)
				BeforeProcessingInitializeOnLoad (108ms)
				ProcessInitializeOnLoadAttributes (162ms)
				ProcessInitializeOnLoadMethodAttributes (28ms)
				AfterProcessingInitializeOnLoad (21ms)
				EditorAssembliesLoaded (0ms)
			ExecutionOrderSort2 (0ms)
			AwakeInstancesAfterBackupRestoration (7ms)
Platform modules already initialized, skipping
Refreshing native plugins compatible for Editor in 1.26 ms, found 0 plugins.
Preloading 0 native plugins for Editor in 0.00 ms.
Unloading 2137 Unused Serialized files (Serialized files now loaded: 0)
Unloading 20 unused Assets / (1.3 MB). Loaded Objects now: 2696.
Memory consumption went from 183.5 MB to 182.2 MB.
Total: 2.967100 ms (FindLiveObjects: 0.268000 ms CreateObjectMapping: 0.188500 ms MarkObjects: 2.251900 ms  DeleteObjects: 0.257800 ms)

AssetImportParameters requested are different than current active one (requested -> active):
  custom:video-decoder-ogg-theora: a1e56fd34408186e4bbccfd4996cb3dc -> 
  custom:container-muxer-webm: aa71ff27fc2769a1b78a27578f13a17b -> 
  custom:container-demuxer-webm: 4f35f7cbe854078d1ac9338744f61a02 -> 
  custom:video-encoder-webm-vp8: eb34c28f22e8b96e1ab97ce403110664 -> 
  custom:audio-encoder-webm-vorbis: bf7c407c2cedff20999df2af8eb42d56 -> 
  custom:framework-win-MediaFoundation: 216162199b28c13a410421893ffa2e32 -> 
  custom:container-demuxer-ogg: 62fdf1f143b41e24485cea50d1cbac27 -> 
  custom:video-decoder-webm-vp8: 9c59270c3fd7afecdb556c50c9e8de78 -> 
  custom:audio-decoder-ogg-vorbis: bf7c407c2cedff20999df2af8eb42d56 -> 
========================================================================
Received Prepare
Registering precompiled user dll's ...
Registered in 0.010170 seconds.
Begin MonoManager ReloadAssembly
Native extension for WindowsStandalone target not found
Native extension for iOS target not found
Native extension for WebGL target not found
Refreshing native plugins compatible for Editor in 0.53 ms, found 0 plugins.
Preloading 0 native plugins for Editor in 0.00 ms.
[Package Manager] Server::EnsureServerProcessIsRunning -- launch failed, reason: Unity was launched with the -noUpm command-line argument
[Package Manager] Cannot connect to Unity Package Manager local server
Warning: Annotation not found!
UnityEngine.StackTraceUtility:ExtractStackTrace ()
UnityEditor.ProBuilder.EditorUtility:SetGizmoIconEnabled (System.Type,bool) (at Library/PackageCache/com.unity.probuilder@5.0.3/Editor/EditorCore/EditorUtility.cs:575)
UnityEditor.ProBuilder.HierarchyListener:.cctor () (at Library/PackageCache/com.unity.probuilder@5.0.3/Editor/EditorCore/HierarchyListener.cs:21)
System.Runtime.CompilerServices.RuntimeHelpers:RunClassConstructor (System.RuntimeTypeHandle)
UnityEditor.EditorAssemblies:ProcessInitializeOnLoadAttributes (System.Type[])

[Library/PackageCache/com.unity.probuilder@5.0.3/Editor/EditorCore/EditorUtility.cs line 575]

Mono: successfully reloaded assembly
- Completed reload, in  1.194 seconds
Domain Reload Profiling:
	ReloadAssembly (1194ms)
		BeginReloadAssembly (228ms)
			ExecutionOrderSort (0ms)
			DisableScriptedObjects (7ms)
			BackupInstance (0ms)
			ReleaseScriptingObjects (0ms)
			CreateAndSetChildDomain (25ms)
		EndReloadAssembly (830ms)
			LoadAssemblies (223ms)
			RebuildTransferFunctionScriptingTraits (0ms)
			SetupTypeCache (212ms)
			ReleaseScriptCaches (1ms)
			RebuildScriptCaches (49ms)
			SetupLoadedEditorAssemblies (359ms)
				LogAssemblyErrors (0ms)
				InitializePlatformSupportModulesInManaged (37ms)
				SetLoadedEditorAssemblies (0ms)
				RefreshPlugins (1ms)
				BeforeProcessingInitializeOnLoad (117ms)
				ProcessInitializeOnLoadAttributes (157ms)
				ProcessInitializeOnLoadMethodAttributes (26ms)
				AfterProcessingInitializeOnLoad (20ms)
				EditorAssembliesLoaded (0ms)
			ExecutionOrderSort2 (0ms)
			AwakeInstancesAfterBackupRestoration (7ms)
Platform modules already initialized, skipping
Refreshing native plugins compatible for Editor in 1.15 ms, found 0 plugins.
Preloading 0 native plugins for Editor in 0.00 ms.
Unloading 2137 Unused Serialized files (Serialized files now loaded: 0)
Unloading 20 unused Assets / (1.3 MB). Loaded Objects now: 2699.
Memory consumption went from 183.5 MB to 182.2 MB.
Total: 3.164800 ms (FindLiveObjects: 0.199200 ms CreateObjectMapping: 0.105800 ms MarkObjects: 2.533700 ms  DeleteObjects: 0.324900 ms)

AssetImportParameters requested are different than current active one (requested -> active):
  custom:video-decoder-ogg-theora: a1e56fd34408186e4bbccfd4996cb3dc -> 
  custom:container-muxer-webm: aa71ff27fc2769a1b78a27578f13a17b -> 
  custom:container-demuxer-webm: 4f35f7cbe854078d1ac9338744f61a02 -> 
  custom:video-encoder-webm-vp8: eb34c28f22e8b96e1ab97ce403110664 -> 
  custom:audio-encoder-webm-vorbis: bf7c407c2cedff20999df2af8eb42d56 -> 
  custom:framework-win-MediaFoundation: 216162199b28c13a410421893ffa2e32 -> 
  custom:container-demuxer-ogg: 62fdf1f143b41e24485cea50d1cbac27 -> 
  custom:video-decoder-webm-vp8: 9c59270c3fd7afecdb556c50c9e8de78 -> 
  custom:audio-decoder-ogg-vorbis: bf7c407c2cedff20999df2af8eb42d56 -> 
