Using pre-set license
Built from '2021.3/staging' branch; Version is '2021.3.4f1 (cb45f9cae8b7) revision 13321721'; Using compiler version '192829333'; Build Type 'Release'
OS: 'Windows 11  (10.0.22621) 64bit Professional' Language: 'ja' Physical Memory: 16204 MB
BatchMode: 1, IsHumanControllingUs: 0, StartBugReporterOnCrash: 0, Is64bit: 1, IsPro: 1

COMMAND LINE ARGUMENTS:
C:\Program Files\Unity\Hub\Editor\2021.3.4f1\Editor\Unity.exe
-adb2
-batchMode
-noUpm
-name
AssetImportWorker1
-projectPath
C:/Users/s212166/Documents/【2023授業】/【2023後期授業】/卒業制作/one-stroke/一筆書き
-logFile
Logs/AssetImportWorker1.log
-srvPort
62315
Successfully changed project path to: C:/Users/s212166/Documents/【2023授業】/【2023後期授業】/卒業制作/one-stroke/一筆書き
C:/Users/s212166/Documents/【2023授業】/【2023後期授業】/卒業制作/one-stroke/一筆書き
[UnityMemory] Configuration Parameters - Can be set up in boot.config
    "memorysetup-bucket-allocator-granularity=16"
    "memorysetup-bucket-allocator-bucket-count=8"
    "memorysetup-bucket-allocator-block-size=33554432"
    "memorysetup-bucket-allocator-block-count=8"
    "memorysetup-main-allocator-block-size=16777216"
    "memorysetup-thread-allocator-block-size=16777216"
    "memorysetup-gfx-main-allocator-block-size=16777216"
    "memorysetup-gfx-thread-allocator-block-size=16777216"
    "memorysetup-cache-allocator-block-size=4194304"
    "memorysetup-typetree-allocator-block-size=2097152"
    "memorysetup-profiler-bucket-allocator-granularity=16"
    "memorysetup-profiler-bucket-allocator-bucket-count=8"
    "memorysetup-profiler-bucket-allocator-block-size=33554432"
    "memorysetup-profiler-bucket-allocator-block-count=8"
    "memorysetup-profiler-allocator-block-size=16777216"
    "memorysetup-profiler-editor-allocator-block-size=1048576"
    "memorysetup-temp-allocator-size-main=16777216"
    "memorysetup-job-temp-allocator-block-size=2097152"
    "memorysetup-job-temp-allocator-block-size-background=1048576"
    "memorysetup-job-temp-allocator-reduction-small-platforms=262144"
    "memorysetup-temp-allocator-size-background-worker=32768"
    "memorysetup-temp-allocator-size-job-worker=262144"
    "memorysetup-temp-allocator-size-preload-manager=33554432"
    "memorysetup-temp-allocator-size-nav-mesh-worker=65536"
    "memorysetup-temp-allocator-size-audio-worker=65536"
    "memorysetup-temp-allocator-size-cloud-worker=32768"
    "memorysetup-temp-allocator-size-gi-baking-worker=262144"
    "memorysetup-temp-allocator-size-gfx=262144"
Refreshing native plugins compatible for Editor in 38.63 ms, found 0 plugins.
Preloading 0 native plugins for Editor in 0.00 ms.
Initialize engine version: 2021.3.4f1 (cb45f9cae8b7)
[Subsystems] Discovering subsystems at path C:/Program Files/Unity/Hub/Editor/2021.3.4f1/Editor/Data/Resources/UnitySubsystems
[Subsystems] Discovering subsystems at path C:/Users/s212166/Documents/【2023授業】/【2023後期授業】/卒業制作/one-stroke/一筆書き/Assets
GfxDevice: creating device client; threaded=0; jobified=0
Direct3D:
    Version:  Direct3D 11.0 [level 11.1]
    Renderer: NVIDIA GeForce GTX 1660 Ti (ID=0x2191)
    Vendor:   NVIDIA
    VRAM:     5991 MB
    Driver:   30.0.15.1109
Initialize mono
Mono path[0] = 'C:/Program Files/Unity/Hub/Editor/2021.3.4f1/Editor/Data/Managed'
Mono path[1] = 'C:/Program Files/Unity/Hub/Editor/2021.3.4f1/Editor/Data/MonoBleedingEdge/lib/mono/unityjit-win32'
Mono config path = 'C:/Program Files/Unity/Hub/Editor/2021.3.4f1/Editor/Data/MonoBleedingEdge/etc'
Using monoOptions --debugger-agent=transport=dt_socket,embedding=1,server=y,suspend=n,address=127.0.0.1:56184
Begin MonoManager ReloadAssembly
Registering precompiled unity dll's ...
Register platform support module: C:/Program Files/Unity/Hub/Editor/2021.3.4f1/Editor/Data/PlaybackEngines/MacStandaloneSupport/UnityEditor.OSXStandalone.Extensions.dll
Register platform support module: C:/Program Files/Unity/Hub/Editor/2021.3.4f1/Editor/Data/PlaybackEngines/AndroidPlayer/UnityEditor.Android.Extensions.dll
Register platform support module: C:/Program Files/Unity/Hub/Editor/2021.3.4f1/Editor/Data/PlaybackEngines/iOSSupport/UnityEditor.iOS.Extensions.dll
Register platform support module: C:/Program Files/Unity/Hub/Editor/2021.3.4f1/Editor/Data/PlaybackEngines/WindowsStandaloneSupport/UnityEditor.WindowsStandalone.Extensions.dll
Registered in 0.008051 seconds.
Native extension for WindowsStandalone target not found
[usbmuxd] Start listen thread
[usbmuxd] Listen thread started
[usbmuxd] Send listen message
Native extension for iOS target not found
Native extension for Android target not found
Native extension for OSXStandalone target not found
Refreshing native plugins compatible for Editor in 48.30 ms, found 0 plugins.
Preloading 0 native plugins for Editor in 0.00 ms.
Mono: successfully reloaded assembly
- Completed reload, in  0.664 seconds
Domain Reload Profiling:
	ReloadAssembly (664ms)
		BeginReloadAssembly (84ms)
			ExecutionOrderSort (0ms)
			DisableScriptedObjects (0ms)
			BackupInstance (0ms)
			ReleaseScriptingObjects (0ms)
			CreateAndSetChildDomain (1ms)
		EndReloadAssembly (469ms)
			LoadAssemblies (84ms)
			RebuildTransferFunctionScriptingTraits (0ms)
			SetupTypeCache (117ms)
			ReleaseScriptCaches (0ms)
			RebuildScriptCaches (29ms)
			SetupLoadedEditorAssemblies (272ms)
				LogAssemblyErrors (0ms)
				InitializePlatformSupportModulesInManaged (66ms)
				SetLoadedEditorAssemblies (0ms)
				RefreshPlugins (48ms)
				BeforeProcessingInitializeOnLoad (1ms)
				ProcessInitializeOnLoadAttributes (100ms)
				ProcessInitializeOnLoadMethodAttributes (55ms)
				AfterProcessingInitializeOnLoad (0ms)
				EditorAssembliesLoaded (0ms)
			ExecutionOrderSort2 (0ms)
			AwakeInstancesAfterBackupRestoration (0ms)
Platform modules already initialized, skipping
Registering precompiled user dll's ...
Registered in 0.002201 seconds.
Begin MonoManager ReloadAssembly
Native extension for WindowsStandalone target not found
Native extension for iOS target not found
Native extension for Android target not found
Native extension for OSXStandalone target not found
Refreshing native plugins compatible for Editor in 42.97 ms, found 0 plugins.
Preloading 0 native plugins for Editor in 0.00 ms.
Package Manager log level set to [2]
Mono: successfully reloaded assembly
- Completed reload, in  1.272 seconds
Domain Reload Profiling:
	ReloadAssembly (1273ms)
		BeginReloadAssembly (220ms)
			ExecutionOrderSort (0ms)
			DisableScriptedObjects (7ms)
			BackupInstance (0ms)
			ReleaseScriptingObjects (0ms)
			CreateAndSetChildDomain (120ms)
		EndReloadAssembly (917ms)
			LoadAssemblies (131ms)
			RebuildTransferFunctionScriptingTraits (0ms)
			SetupTypeCache (184ms)
			ReleaseScriptCaches (0ms)
			RebuildScriptCaches (62ms)
			SetupLoadedEditorAssemblies (497ms)
				LogAssemblyErrors (0ms)
				InitializePlatformSupportModulesInManaged (27ms)
				SetLoadedEditorAssemblies (0ms)
				RefreshPlugins (43ms)
				BeforeProcessingInitializeOnLoad (107ms)
				ProcessInitializeOnLoadAttributes (280ms)
				ProcessInitializeOnLoadMethodAttributes (32ms)
				AfterProcessingInitializeOnLoad (7ms)
				EditorAssembliesLoaded (0ms)
			ExecutionOrderSort2 (0ms)
			AwakeInstancesAfterBackupRestoration (4ms)
Platform modules already initialized, skipping
========================================================================
Worker process is ready to serve import requests
Launched and connected shader compiler UnityShaderCompiler.exe after 0.04 seconds
Refreshing native plugins compatible for Editor in 0.44 ms, found 0 plugins.
Preloading 0 native plugins for Editor in 0.00 ms.
Unloading 2207 Unused Serialized files (Serialized files now loaded: 0)
Unloading 158 unused Assets / (1.3 MB). Loaded Objects now: 2675.
Memory consumption went from 181.9 MB to 180.6 MB.
Total: 4.331900 ms (FindLiveObjects: 0.227500 ms CreateObjectMapping: 0.178900 ms MarkObjects: 3.577400 ms  DeleteObjects: 0.346500 ms)

AssetImportParameters requested are different than current active one (requested -> active):
  custom:video-decoder-ogg-theora: a1e56fd34408186e4bbccfd4996cb3dc -> 
  custom:container-muxer-webm: aa71ff27fc2769a1b78a27578f13a17b -> 
  custom:container-demuxer-webm: 4f35f7cbe854078d1ac9338744f61a02 -> 
  custom:video-encoder-webm-vp8: eb34c28f22e8b96e1ab97ce403110664 -> 
  custom:audio-encoder-webm-vorbis: bf7c407c2cedff20999df2af8eb42d56 -> 
  custom:framework-win-MediaFoundation: 216162199b28c13a410421893ffa2e32 -> 
  custom:container-demuxer-ogg: 62fdf1f143b41e24485cea50d1cbac27 -> 
  custom:video-decoder-webm-vp8: 9c59270c3fd7afecdb556c50c9e8de78 -> 
  custom:audio-decoder-ogg-vorbis: bf7c407c2cedff20999df2af8eb42d56 -> 
========================================================================
Received Import Request.
  Time since last request: 587963.428129 seconds.
  path: Assets/ClusterCreatorKitTemplate/Playground/Prefabs/Particle/Gimmicks/WarpTarget.prefab
  artifactKey: Guid(8cb15b6430a89b948bb628cc58ac9906) Importer(815301076,1909f56bfc062723c751e8b465ee728b)
Start importing Assets/ClusterCreatorKitTemplate/Playground/Prefabs/Particle/Gimmicks/WarpTarget.prefab using Guid(8cb15b6430a89b948bb628cc58ac9906) Importer(815301076,1909f56bfc062723c751e8b465ee728b)  -> (artifact id: '118eb69f455cc2a9c7363b83d24abf5c') in 0.124016 seconds 
========================================================================
Received Import Request.
  Time since last request: 0.000018 seconds.
  path: Assets/ClusterCreatorKitTemplate/Playground/Prefabs/Particle/Gimmicks/ForcedBlock.prefab
  artifactKey: Guid(63fbac738b1ed26428026b1c70200f24) Importer(815301076,1909f56bfc062723c751e8b465ee728b)
Start importing Assets/ClusterCreatorKitTemplate/Playground/Prefabs/Particle/Gimmicks/ForcedBlock.prefab using Guid(63fbac738b1ed26428026b1c70200f24) Importer(815301076,1909f56bfc062723c751e8b465ee728b)  -> (artifact id: '536419b8b976fcb8759463acf2cc2c92') in 0.038879 seconds 
========================================================================
Received Import Request.
  Time since last request: 0.000016 seconds.
  path: Assets/ClusterCreatorKitTemplate/Playground/Prefabs/Particle/Gimmicks/Block.prefab
  artifactKey: Guid(0ba283f2bbeb5ce42bedf3d1549f36fb) Importer(815301076,1909f56bfc062723c751e8b465ee728b)
Start importing Assets/ClusterCreatorKitTemplate/Playground/Prefabs/Particle/Gimmicks/Block.prefab using Guid(0ba283f2bbeb5ce42bedf3d1549f36fb) Importer(815301076,1909f56bfc062723c751e8b465ee728b)  -> (artifact id: '77bdf97cc2d2f1bdad0ebc153e9f22cd') in 0.012421 seconds 
========================================================================
Received Import Request.
  Time since last request: 0.000021 seconds.
  path: Assets/ClusterCreatorKitTemplate/Playground/Prefabs/Particle/Gimmicks/BlockGun.prefab
  artifactKey: Guid(3eece101e6cac364ea8aa4647cb29774) Importer(815301076,1909f56bfc062723c751e8b465ee728b)
Start importing Assets/ClusterCreatorKitTemplate/Playground/Prefabs/Particle/Gimmicks/BlockGun.prefab using Guid(3eece101e6cac364ea8aa4647cb29774) Importer(815301076,1909f56bfc062723c751e8b465ee728b)  -> (artifact id: '7ed6e134a69f2a9e093636e56c82e9ef') in 0.037919 seconds 
========================================================================
Received Import Request.
  Time since last request: 0.000030 seconds.
  path: Assets/ClusterCreatorKitTemplate/Playground/Prefabs/Particle/Gimmicks/BrittleTile.prefab
  artifactKey: Guid(fdb0130b9925e1b498d50c92123a1fb8) Importer(815301076,1909f56bfc062723c751e8b465ee728b)
Start importing Assets/ClusterCreatorKitTemplate/Playground/Prefabs/Particle/Gimmicks/BrittleTile.prefab using Guid(fdb0130b9925e1b498d50c92123a1fb8) Importer(815301076,1909f56bfc062723c751e8b465ee728b)  -> (artifact id: 'c466605efabd02d0499be18fe255275e') in 0.037004 seconds 
========================================================================
Received Import Request.
  Time since last request: 0.000024 seconds.
  path: Assets/ClusterCreatorKitTemplate/Playground/Prefabs/Particle/Gimmicks/Coin.prefab
  artifactKey: Guid(e82a38947cd6bc04abdd39f88c7d6e7c) Importer(815301076,1909f56bfc062723c751e8b465ee728b)
Start importing Assets/ClusterCreatorKitTemplate/Playground/Prefabs/Particle/Gimmicks/Coin.prefab using Guid(e82a38947cd6bc04abdd39f88c7d6e7c) Importer(815301076,1909f56bfc062723c751e8b465ee728b)  -> (artifact id: '0fabfd196240f2e45823c320caa988f0') in 0.037547 seconds 
========================================================================
Received Import Request.
  Time since last request: 0.000021 seconds.
  path: Assets/ClusterCreatorKitTemplate/Playground/Prefabs/Particle/Gimmicks/LongTile.prefab
  artifactKey: Guid(dfdde658bb4865042886b87630da4a35) Importer(815301076,1909f56bfc062723c751e8b465ee728b)
Start importing Assets/ClusterCreatorKitTemplate/Playground/Prefabs/Particle/Gimmicks/LongTile.prefab using Guid(dfdde658bb4865042886b87630da4a35) Importer(815301076,1909f56bfc062723c751e8b465ee728b)  -> (artifact id: '3da4cbdec45e7a18b89cee7be2f828a3') in 0.012114 seconds 
========================================================================
Received Import Request.
  Time since last request: 0.000023 seconds.
  path: Assets/ClusterCreatorKitTemplate/Playground/Prefabs/Particle/Gimmicks/JumpSpring.prefab
  artifactKey: Guid(1e9626df7247d6d498577fd1badb55fc) Importer(815301076,1909f56bfc062723c751e8b465ee728b)
Start importing Assets/ClusterCreatorKitTemplate/Playground/Prefabs/Particle/Gimmicks/JumpSpring.prefab using Guid(1e9626df7247d6d498577fd1badb55fc) Importer(815301076,1909f56bfc062723c751e8b465ee728b)  -> (artifact id: 'a3a0a012b16adec89a480b8757059d84') in 0.028377 seconds 
========================================================================
Received Import Request.
  Time since last request: 0.000018 seconds.
  path: Assets/ClusterCreatorKitTemplate/Playground/Prefabs/Particle/Gimmicks/AutoJumpSpring.prefab
  artifactKey: Guid(e8410a14bb94a3747a80b58b1acef6b1) Importer(815301076,1909f56bfc062723c751e8b465ee728b)
Start importing Assets/ClusterCreatorKitTemplate/Playground/Prefabs/Particle/Gimmicks/AutoJumpSpring.prefab using Guid(e8410a14bb94a3747a80b58b1acef6b1) Importer(815301076,1909f56bfc062723c751e8b465ee728b)  -> (artifact id: '4e6db8176252678f5bfb9f60e6a133de') in 0.040597 seconds 
========================================================================
Received Import Request.
  Time since last request: 0.000021 seconds.
  path: Assets/ClusterCreatorKitTemplate/Playground/Prefabs/Particle/Gimmicks/SwitchFloor.prefab
  artifactKey: Guid(f3e4a2d192e99b440a64b912fb7b7640) Importer(815301076,1909f56bfc062723c751e8b465ee728b)
Start importing Assets/ClusterCreatorKitTemplate/Playground/Prefabs/Particle/Gimmicks/SwitchFloor.prefab using Guid(f3e4a2d192e99b440a64b912fb7b7640) Importer(815301076,1909f56bfc062723c751e8b465ee728b) Serialization depth limit 10 exceeded at 'ClusterVR.CreatorKit.Operation::Value.constant'. There may be an object composition cycle in one or more of your serialized classes.

Serialization hierarchy:
11: ClusterVR.CreatorKit.Operation::Value.constant
10: ClusterVR.CreatorKit.Operation::Expression.value
9: ClusterVR.CreatorKit.Operation::OperatorExpression.operands
8: ClusterVR.CreatorKit.Operation::Expression.operatorExpression
7: ClusterVR.CreatorKit.Operation::OperatorExpression.operands
6: ClusterVR.CreatorKit.Operation::Expression.operatorExpression
5: ClusterVR.CreatorKit.Operation::OperatorExpression.operands
4: ClusterVR.CreatorKit.Operation::Expression.operatorExpression
3: ClusterVR.CreatorKit.Operation::SingleStatement.expression
2: ClusterVR.CreatorKit.Operation::Statement.singleStatement
1: ClusterVR.CreatorKit.Operation::Logic.statements
0: ClusterVR.CreatorKit.Operation.Implements::ItemLogic.logic
Serialization depth limit 10 exceeded at 'ClusterVR.CreatorKit.Operation::Value.constant'. There may be an object composition cycle in one or more of your serialized classes.

Serialization hierarchy:
11: ClusterVR.CreatorKit.Operation::Value.constant
10: ClusterVR.CreatorKit.Operation::Expression.value
9: ClusterVR.CreatorKit.Operation::OperatorExpression.operands
8: ClusterVR.CreatorKit.Operation::Expression.operatorExpression
7: ClusterVR.CreatorKit.Operation::OperatorExpression.operands
6: ClusterVR.CreatorKit.Operation::Expression.operatorExpression
5: ClusterVR.CreatorKit.Operation::OperatorExpression.operands
4: ClusterVR.CreatorKit.Operation::Expression.operatorExpression
3: ClusterVR.CreatorKit.Operation::OperatorExpression.operands
2: ClusterVR.CreatorKit.Operation::Expression.operatorExpression
1: ClusterVR.CreatorKit.Operation::SingleStatement.expression
0: ClusterVR.CreatorKit.Operation::Statement.singleStatement
Serialization depth limit 10 exceeded at 'ClusterVR.CreatorKit.Operation::Value.constant'. There may be an object composition cycle in one or more of your serialized classes.

Serialization hierarchy:
11: ClusterVR.CreatorKit.Operation::Value.constant
10: ClusterVR.CreatorKit.Operation::Expression.value
9: ClusterVR.CreatorKit.Operation::OperatorExpression.operands
8: ClusterVR.CreatorKit.Operation::Expression.operatorExpression
7: ClusterVR.CreatorKit.Operation::OperatorExpression.operands
6: ClusterVR.CreatorKit.Operation::Expression.operatorExpression
5: ClusterVR.CreatorKit.Operation::OperatorExpression.operands
4: ClusterVR.CreatorKit.Operation::Expression.operatorExpression
3: ClusterVR.CreatorKit.Operation::OperatorExpression.operands
2: ClusterVR.CreatorKit.Operation::Expression.operatorExpression
1: ClusterVR.CreatorKit.Operation::OperatorExpression.operands
0: ClusterVR.CreatorKit.Operation::Expression.operatorExpression
 -> (artifact id: '3b4e89ef6e83a4a1776feb14e701f978') in 0.059854 seconds 
Editor requested this worker to shutdown with reason: Scaling down because of idle timeout
AssetImportWorker is now disconnected from the server
Process exiting
Exiting without the bug reporter. Application will terminate with return code 0