Base path: 'C:/Program Files/Unity/Hub/Editor/2021.3.4f1/Editor/Data', plugins path 'C:/Program Files/Unity/Hub/Editor/2021.3.4f1/Editor/Data/PlaybackEngines'
Cmd: initializeCompiler

Cmd: compileComputeKernel
  insize=1908 file=Packages/com.unity.postprocessing/PostProcessing/Shaders/Debug/Waveform.compute kernel=KWaveformGather cachingPP=1 ppOnly=0 stripLineD=0 buildPlatform=19 km=<UNITY_VERSION=202134> pKW=UNITY_USE_DITHER_MASK_FOR_ALPHABLENDED_SHADOWS UNITY_PBS_USE_BRDF1 UNITY_SPECCUBE_BOX_PROJECTION UNITY_SPECCUBE_BLENDING UNITY_ENABLE_DETAIL_NORMALMAP SHADER_API_DESKTOP UNITY_LIGHT_PROBE_PROXY_VOLUME UNITY_LIGHTMAP_RGBM_ENCODING uKW=SHADER_STAGE_COMPUTE platform=d3d11 flags=0 reqs=16385 forceDXC=0 forceFXC=0 ok=1 outsize=1385

Cmd: compileComputeKernel
  insize=3184 file=Packages/com.unity.postprocessing/PostProcessing/Shaders/Builtins/AutoExposure.compute kernel=KAutoExposureAvgLuminance_progressive cachingPP=1 ppOnly=0 stripLineD=0 buildPlatform=19 km=<MAIN=KAutoExposureAvgLuminance_progressive>,<PROGRESSIVE=1>,<UNITY_VERSION=202134> pKW=UNITY_USE_DITHER_MASK_FOR_ALPHABLENDED_SHADOWS UNITY_PBS_USE_BRDF1 UNITY_SPECCUBE_BOX_PROJECTION UNITY_SPECCUBE_BLENDING UNITY_ENABLE_DETAIL_NORMALMAP SHADER_API_DESKTOP UNITY_LIGHT_PROBE_PROXY_VOLUME UNITY_LIGHTMAP_RGBM_ENCODING uKW=SHADER_STAGE_COMPUTE platform=d3d11 flags=0 reqs=16385 forceDXC=0 forceFXC=0 ok=1 outsize=48128

Cmd: compileComputeKernel
  insize=5485 file=Packages/com.unity.postprocessing/PostProcessing/Shaders/Builtins/GaussianDownsample.compute kernel=KMain cachingPP=1 ppOnly=0 stripLineD=0 buildPlatform=19 km=<UNITY_VERSION=202134> pKW=UNITY_USE_DITHER_MASK_FOR_ALPHABLENDED_SHADOWS UNITY_PBS_USE_BRDF1 UNITY_SPECCUBE_BOX_PROJECTION UNITY_SPECCUBE_BLENDING UNITY_ENABLE_DETAIL_NORMALMAP SHADER_API_DESKTOP UNITY_LIGHT_PROBE_PROXY_VOLUME UNITY_LIGHTMAP_RGBM_ENCODING uKW=SHADER_STAGE_COMPUTE platform=d3d11 flags=0 reqs=16385 forceDXC=0 forceFXC=0 ok=1 outsize=6437

Cmd: compileComputeKernel
  insize=2092 file=Packages/com.unity.postprocessing/PostProcessing/Shaders/Builtins/MultiScaleVODownsample2.compute kernel=MultiScaleVODownsample2_MSAA cachingPP=1 ppOnly=0 stripLineD=0 buildPlatform=19 km=<main=MultiScaleVODownsample2_MSAA>,<MSAA=1>,<UNITY_VERSION=202134> pKW=UNITY_USE_DITHER_MASK_FOR_ALPHABLENDED_SHADOWS UNITY_PBS_USE_BRDF1 UNITY_SPECCUBE_BOX_PROJECTION UNITY_SPECCUBE_BLENDING UNITY_ENABLE_DETAIL_NORMALMAP SHADER_API_DESKTOP UNITY_LIGHT_PROBE_PROXY_VOLUME UNITY_LIGHTMAP_RGBM_ENCODING uKW=SHADER_STAGE_COMPUTE platform=d3d11 flags=0 reqs=16385 forceDXC=0 forceFXC=0 ok=1 outsize=1005

Cmd: compileComputeKernel
  insize=18315 file=Packages/com.unity.postprocessing/PostProcessing/Shaders/Builtins/MultiScaleVOUpsample.compute kernel=MultiScaleVOUpSample_MSAA_invert cachingPP=1 ppOnly=0 stripLineD=0 buildPlatform=19 km=<MAIN=MultiScaleVOUpSample_MSAA_invert>,<MSAA=1>,<INVERT=1>,<UNITY_VERSION=202134> pKW=UNITY_USE_DITHER_MASK_FOR_ALPHABLENDED_SHADOWS UNITY_PBS_USE_BRDF1 UNITY_SPECCUBE_BOX_PROJECTION UNITY_SPECCUBE_BLENDING UNITY_ENABLE_DETAIL_NORMALMAP SHADER_API_DESKTOP UNITY_LIGHT_PROBE_PROXY_VOLUME UNITY_LIGHTMAP_RGBM_ENCODING uKW=SHADER_STAGE_COMPUTE platform=d3d11 flags=0 reqs=16385 forceDXC=0 forceFXC=0 ok=1 outsize=10442

Cmd: compileComputeKernel
  insize=10925 file=Packages/com.unity.postprocessing/PostProcessing/Shaders/Builtins/MultiScaleVORender.compute kernel=MultiScaleVORender_MSAA cachingPP=1 ppOnly=0 stripLineD=0 buildPlatform=19 km=<MAIN=MultiScaleVORender_MSAA>,<MSAA=1>,<UNITY_VERSION=202134> pKW=UNITY_USE_DITHER_MASK_FOR_ALPHABLENDED_SHADOWS UNITY_PBS_USE_BRDF1 UNITY_SPECCUBE_BOX_PROJECTION UNITY_SPECCUBE_BLENDING UNITY_ENABLE_DETAIL_NORMALMAP SHADER_API_DESKTOP UNITY_LIGHT_PROBE_PROXY_VOLUME UNITY_LIGHTMAP_RGBM_ENCODING uKW=SHADER_STAGE_COMPUTE platform=d3d11 flags=0 reqs=16385 forceDXC=0 forceFXC=0 ok=1 outsize=10429

Cmd: compileComputeKernel
  insize=2161 file=Packages/com.unity.postprocessing/PostProcessing/Shaders/Debug/Histogram.compute kernel=KHistogramClear cachingPP=1 ppOnly=0 stripLineD=0 buildPlatform=19 km=<UNITY_VERSION=202134> pKW=UNITY_USE_DITHER_MASK_FOR_ALPHABLENDED_SHADOWS UNITY_PBS_USE_BRDF1 UNITY_SPECCUBE_BOX_PROJECTION UNITY_SPECCUBE_BLENDING UNITY_ENABLE_DETAIL_NORMALMAP SHADER_API_DESKTOP UNITY_LIGHT_PROBE_PROXY_VOLUME UNITY_LIGHTMAP_RGBM_ENCODING uKW=SHADER_STAGE_COMPUTE platform=d3d11 flags=0 reqs=16385 forceDXC=0 forceFXC=0 ok=1 outsize=372

Cmd: compileComputeKernel
  insize=18315 file=Packages/com.unity.postprocessing/PostProcessing/Shaders/Builtins/MultiScaleVOUpsample.compute kernel=MultiScaleVOUpSample_premin cachingPP=1 ppOnly=0 stripLineD=0 buildPlatform=19 km=<MAIN=MultiScaleVOUpSample_premin>,<COMBINE_LOWER_RESOLUTIONS=1>,<UNITY_VERSION=202134> pKW=UNITY_USE_DITHER_MASK_FOR_ALPHABLENDED_SHADOWS UNITY_PBS_USE_BRDF1 UNITY_SPECCUBE_BOX_PROJECTION UNITY_SPECCUBE_BLENDING UNITY_ENABLE_DETAIL_NORMALMAP SHADER_API_DESKTOP UNITY_LIGHT_PROBE_PROXY_VOLUME UNITY_LIGHTMAP_RGBM_ENCODING uKW=SHADER_STAGE_COMPUTE platform=d3d11 flags=0 reqs=16385 forceDXC=0 forceFXC=0 ok=1 outsize=8653

Cmd: compileComputeKernel
  insize=5485 file=Packages/com.unity.postprocessing/PostProcessing/Shaders/Builtins/GaussianDownsample.compute kernel=KMain cachingPP=1 ppOnly=0 stripLineD=0 buildPlatform=19 km=<UNITY_VERSION=202134> pKW=UNITY_USE_DITHER_MASK_FOR_ALPHABLENDED_SHADOWS UNITY_PBS_USE_BRDF1 UNITY_SPECCUBE_BOX_PROJECTION UNITY_SPECCUBE_BLENDING UNITY_ENABLE_DETAIL_NORMALMAP SHADER_API_DESKTOP UNITY_LIGHT_PROBE_PROXY_VOLUME UNITY_LIGHTMAP_RGBM_ENCODING uKW=SHADER_STAGE_COMPUTE platform=d3d11 flags=0 reqs=16385 forceDXC=0 forceFXC=0 ok=1 outsize=6437

Cmd: compileComputeKernel
  insize=10925 file=Packages/com.unity.postprocessing/PostProcessing/Shaders/Builtins/MultiScaleVORender.compute kernel=MultiScaleVORender_interleaved cachingPP=1 ppOnly=0 stripLineD=0 buildPlatform=19 km=<MAIN=MultiScaleVORender_interleaved>,<INTERLEAVE_RESULT=1>,<UNITY_VERSION=202134> pKW=UNITY_USE_DITHER_MASK_FOR_ALPHABLENDED_SHADOWS UNITY_PBS_USE_BRDF1 UNITY_SPECCUBE_BOX_PROJECTION UNITY_SPECCUBE_BLENDING UNITY_ENABLE_DETAIL_NORMALMAP SHADER_API_DESKTOP UNITY_LIGHT_PROBE_PROXY_VOLUME UNITY_LIGHTMAP_RGBM_ENCODING uKW=SHADER_STAGE_COMPUTE platform=d3d11 flags=0 reqs=16385 forceDXC=0 forceFXC=0 ok=1 outsize=9840

Cmd: compileComputeKernel
  insize=18315 file=Packages/com.unity.postprocessing/PostProcessing/Shaders/Builtins/MultiScaleVOUpsample.compute kernel=MultiScaleVOUpSample_MSAA_premin_blendout cachingPP=1 ppOnly=0 stripLineD=0 buildPlatform=19 km=<MAIN=MultiScaleVOUpSample_MSAA_premin_blendout>,<MSAA=1>,<COMBINE_LOWER_RESOLUTIONS=1>,<BLEND_WITH_HIGHER_RESOLUTION=1>,<UNITY_VERSION=202134> pKW=UNITY_USE_DITHER_MASK_FOR_ALPHABLENDED_SHADOWS UNITY_PBS_USE_BRDF1 UNITY_SPECCUBE_BOX_PROJECTION UNITY_SPECCUBE_BLENDING UNITY_ENABLE_DETAIL_NORMALMAP SHADER_API_DESKTOP UNITY_LIGHT_PROBE_PROXY_VOLUME UNITY_LIGHTMAP_RGBM_ENCODING uKW=SHADER_STAGE_COMPUTE platform=d3d11 flags=0 reqs=16385 forceDXC=0 forceFXC=0 ok=1 outsize=10714

Cmd: compileComputeKernel
  insize=3184 file=Packages/com.unity.postprocessing/PostProcessing/Shaders/Builtins/AutoExposure.compute kernel=KAutoExposureAvgLuminance_fixed cachingPP=1 ppOnly=0 stripLineD=0 buildPlatform=19 km=<MAIN=KAutoExposureAvgLuminance_fixed>,<UNITY_VERSION=202134> pKW=UNITY_USE_DITHER_MASK_FOR_ALPHABLENDED_SHADOWS UNITY_PBS_USE_BRDF1 UNITY_SPECCUBE_BOX_PROJECTION UNITY_SPECCUBE_BLENDING UNITY_ENABLE_DETAIL_NORMALMAP SHADER_API_DESKTOP UNITY_LIGHT_PROBE_PROXY_VOLUME UNITY_LIGHTMAP_RGBM_ENCODING uKW=SHADER_STAGE_COMPUTE platform=d3d11 flags=0 reqs=16385 forceDXC=0 forceFXC=0 ok=1 outsize=47803

Cmd: compileComputeKernel
  insize=3444 file=Packages/com.unity.postprocessing/PostProcessing/Shaders/Builtins/MultiScaleVODownsample1.compute kernel=MultiScaleVODownsample1_MSAA cachingPP=1 ppOnly=0 stripLineD=0 buildPlatform=2 km=<main=MultiScaleVODownsample1_MSAA>,<MSAA=1>,<UNITY_VERSION=202134> pKW=UNITY_USE_DITHER_MASK_FOR_ALPHABLENDED_SHADOWS UNITY_PBS_USE_BRDF1 UNITY_SPECCUBE_BOX_PROJECTION UNITY_SPECCUBE_BLENDING UNITY_ENABLE_DETAIL_NORMALMAP SHADER_API_DESKTOP UNITY_LIGHT_PROBE_PROXY_VOLUME UNITY_LIGHTMAP_RGBM_ENCODING uKW=SHADER_STAGE_COMPUTE platform=metal flags=4096 reqs=16385 forceDXC=0 forceFXC=0 ok=1 outsize=5853

Cmd: compileComputeKernel
  insize=5009 file=Packages/com.unity.postprocessing/PostProcessing/Shaders/Builtins/Lut3DBaker.compute kernel=KGenLut3D_CustomTonemap cachingPP=1 ppOnly=0 stripLineD=0 buildPlatform=19 km=<TONEMAPPING_CUSTOM=1>,<UNITY_VERSION=202134> pKW=UNITY_USE_DITHER_MASK_FOR_ALPHABLENDED_SHADOWS UNITY_PBS_USE_BRDF1 UNITY_SPECCUBE_BOX_PROJECTION UNITY_SPECCUBE_BLENDING UNITY_ENABLE_DETAIL_NORMALMAP SHADER_API_DESKTOP UNITY_LIGHT_PROBE_PROXY_VOLUME UNITY_LIGHTMAP_RGBM_ENCODING uKW=SHADER_STAGE_COMPUTE platform=d3d11 flags=0 reqs=16385 forceDXC=0 forceFXC=0 ok=1 outsize=5412

Cmd: compileComputeKernel
  insize=10925 file=Packages/com.unity.postprocessing/PostProcessing/Shaders/Builtins/MultiScaleVORender.compute kernel=MultiScaleVORender_MSAA cachingPP=1 ppOnly=0 stripLineD=0 buildPlatform=19 km=<MAIN=MultiScaleVORender_MSAA>,<MSAA=1>,<UNITY_VERSION=202134> pKW=UNITY_USE_DITHER_MASK_FOR_ALPHABLENDED_SHADOWS UNITY_PBS_USE_BRDF1 UNITY_SPECCUBE_BOX_PROJECTION UNITY_SPECCUBE_BLENDING UNITY_ENABLE_DETAIL_NORMALMAP SHADER_API_DESKTOP UNITY_LIGHT_PROBE_PROXY_VOLUME UNITY_LIGHTMAP_RGBM_ENCODING uKW=SHADER_STAGE_COMPUTE platform=d3d11 flags=0 reqs=16385 forceDXC=0 forceFXC=0 ok=1 outsize=10429

Cmd: compileComputeKernel
  insize=1908 file=Packages/com.unity.postprocessing/PostProcessing/Shaders/Debug/Waveform.compute kernel=KWaveformGather cachingPP=1 ppOnly=0 stripLineD=0 buildPlatform=19 km=<UNITY_VERSION=202134> pKW=UNITY_USE_DITHER_MASK_FOR_ALPHABLENDED_SHADOWS UNITY_PBS_USE_BRDF1 UNITY_SPECCUBE_BOX_PROJECTION UNITY_SPECCUBE_BLENDING UNITY_ENABLE_DETAIL_NORMALMAP SHADER_API_DESKTOP UNITY_LIGHT_PROBE_PROXY_VOLUME UNITY_LIGHTMAP_RGBM_ENCODING uKW=SHADER_STAGE_COMPUTE platform=d3d11 flags=0 reqs=16385 forceDXC=0 forceFXC=0 ok=1 outsize=1385

Cmd: compileComputeKernel
  insize=3184 file=Packages/com.unity.postprocessing/PostProcessing/Shaders/Builtins/AutoExposure.compute kernel=KAutoExposureAvgLuminance_progressive cachingPP=1 ppOnly=0 stripLineD=0 buildPlatform=19 km=<MAIN=KAutoExposureAvgLuminance_progressive>,<PROGRESSIVE=1>,<UNITY_VERSION=202134> pKW=UNITY_USE_DITHER_MASK_FOR_ALPHABLENDED_SHADOWS UNITY_PBS_USE_BRDF1 UNITY_SPECCUBE_BOX_PROJECTION UNITY_SPECCUBE_BLENDING UNITY_ENABLE_DETAIL_NORMALMAP SHADER_API_DESKTOP UNITY_LIGHT_PROBE_PROXY_VOLUME UNITY_LIGHTMAP_RGBM_ENCODING uKW=SHADER_STAGE_COMPUTE platform=d3d11 flags=0 reqs=16385 forceDXC=0 forceFXC=0 ok=1 outsize=48128

Cmd: compileComputeKernel
  insize=2092 file=Packages/com.unity.postprocessing/PostProcessing/Shaders/Builtins/MultiScaleVODownsample2.compute kernel=MultiScaleVODownsample2_MSAA cachingPP=1 ppOnly=0 stripLineD=0 buildPlatform=19 km=<main=MultiScaleVODownsample2_MSAA>,<MSAA=1>,<UNITY_VERSION=202134> pKW=UNITY_USE_DITHER_MASK_FOR_ALPHABLENDED_SHADOWS UNITY_PBS_USE_BRDF1 UNITY_SPECCUBE_BOX_PROJECTION UNITY_SPECCUBE_BLENDING UNITY_ENABLE_DETAIL_NORMALMAP SHADER_API_DESKTOP UNITY_LIGHT_PROBE_PROXY_VOLUME UNITY_LIGHTMAP_RGBM_ENCODING uKW=SHADER_STAGE_COMPUTE platform=d3d11 flags=0 reqs=16385 forceDXC=0 forceFXC=0 ok=1 outsize=1005

Cmd: compileComputeKernel
  insize=18315 file=Packages/com.unity.postprocessing/PostProcessing/Shaders/Builtins/MultiScaleVOUpsample.compute kernel=MultiScaleVOUpSample_invert cachingPP=1 ppOnly=0 stripLineD=0 buildPlatform=19 km=<MAIN=MultiScaleVOUpSample_invert>,<INVERT=1>,<UNITY_VERSION=202134> pKW=UNITY_USE_DITHER_MASK_FOR_ALPHABLENDED_SHADOWS UNITY_PBS_USE_BRDF1 UNITY_SPECCUBE_BOX_PROJECTION UNITY_SPECCUBE_BLENDING UNITY_ENABLE_DETAIL_NORMALMAP SHADER_API_DESKTOP UNITY_LIGHT_PROBE_PROXY_VOLUME UNITY_LIGHTMAP_RGBM_ENCODING uKW=SHADER_STAGE_COMPUTE platform=d3d11 flags=0 reqs=16385 forceDXC=0 forceFXC=0 ok=1 outsize=8653

Cmd: shutdown
